VCD info: dumpfile singlecycle.vcd opened for output.
VCD warning: $dumpvars: Package ($unit) is not dumpable with VCD.
PC=xxxxxxxxxxxxxxxx  instr=xxxxxxxx  opc[31:21]=xxxxxxxxxxx
  RF idx: Rn=x  Rm=x  Rt=x
  RF val: A=xxxxxxxxxxxxxxxx  B=xxxxxxxxxxxxxxxx  (Reg2Loc=x -> RB=Rd)
  ctrl: Reg2Loc=x MemR=x MemW=x Mem2Reg=x RegWr=x Br=x UBr=x ALUOp=xxxx SignOp=xx ALUSrc=x IsMovZ=x
  imm=xxxxxxxxxxxxxxxx  aluB(sel)=xxxxxxxxxxxxxxxx  ALUout=xxxxxxxxxxxxxxxx  Zero=0  NextPC=xxxxxxxxxxxxxxxx  Mem[R]=xxxxxxxxxxxxxxxx
ALU ???  A=0000000000000000  B=xxxxxxxxxxxxxxxx  -> W=0000000000000000
NPC DEC: SEQ    PC=0xxxxxxxxxxxxxxxxx  Z=1  B=x  CB=x  +4=0xxxxxxxxxxxxxxxxx    -> NextPC=0xxxxxxxxxxxxxxxxx
NPC DEC: SEQ    PC=0xxxxxxxxxxxxxxxxx  Z=1  B=x  CB=x  +4=0xxxxxxxxxxxxxxxxx    -> NextPC=0xxxxxxxxxxxxxxxxx

=== START PROGRAM 1 @PC=0x0000 ===
PC=xxxxxxxxxxxxxxxx  instr=xxxxxxxx  opc[31:21]=xxxxxxxxxxx
  RF idx: Rn=x  Rm=x  Rt=x
  RF val: A=0000000000000000  B=0000000000000000  (Reg2Loc=x -> RB=Rd)
  ctrl: Reg2Loc=x MemR=x MemW=x Mem2Reg=x RegWr=x Br=x UBr=x ALUOp=xxxx SignOp=xx ALUSrc=x IsMovZ=x
  imm=xxxxxxxxxxxxxxxx  aluB(sel)=xxxxxxxxxxxxxxxx  ALUout=0000000000000000  Zero=1  NextPC=xxxxxxxxxxxxxxxx  Mem[R]=000000000000000X
NPC DEC: SEQ    PC=0x0000000000000000  Z=1  B=x  CB=x  +4=0x0000000000000004    -> NextPC=0x0000000000000004
DEC LDUR
DMEM RD  [0x0000000000000000] -> 0000000000000001
NPC DEC: SEQ    PC=0x0000000000000000  Z=1  B=0  CB=0  +4=0x0000000000000004    -> NextPC=0x0000000000000004
ALU ADD  A=0000000000000000  B=0000000000000000  -> W=0000000000000000
NPC DEC: SEQ    PC=0x0000000000000000  Z=1  B=0  CB=0  +4=0x0000000000000004    -> NextPC=0x0000000000000004
PC=0000000000000000  instr=f84003e9  opc[31:21]=11111000010
  RF idx: Rn=31  Rm=0  Rt=9
  RF val: A=0000000000000000  B=0000000000000000  (Reg2Loc=0 -> RB=Rm)
  ctrl: Reg2Loc=0 MemR=1 MemW=0 Mem2Reg=1 RegWr=1 Br=0 UBr=0 ALUOp=0010 SignOp=01 ALUSrc=1 IsMovZ=0
  imm=0000000000000000  aluB(sel)=0000000000000000  ALUout=0000000000000000  Zero=1  NextPC=0000000000000004  Mem[R]=0000000000000001
CurrentPC:0000000000000000
RF  WR: X9 <= 0000000000000001
NPC DEC: SEQ    PC=0x0000000000000004  Z=1  B=0  CB=0  +4=0x0000000000000008    -> NextPC=0x0000000000000008
NPC DEC: SEQ    PC=0x0000000000000004  Z=1  B=0  CB=0  +4=0x0000000000000008    -> NextPC=0x0000000000000008
ALU ADD  A=0000000000000000  B=0000000000000008  -> W=0000000000000008
DMEM RD  [0x0000000000000008] -> 0000000000000001
NPC DEC: SEQ    PC=0x0000000000000004  Z=0  B=0  CB=0  +4=0x0000000000000008    -> NextPC=0x0000000000000008
DMEM RD  [0x0000000000000008] -> 000000000000000a
PC=0000000000000004  instr=f84083ea  opc[31:21]=11111000010
  RF idx: Rn=31  Rm=0  Rt=10
  RF val: A=0000000000000000  B=0000000000000000  (Reg2Loc=0 -> RB=Rm)
  ctrl: Reg2Loc=0 MemR=1 MemW=0 Mem2Reg=1 RegWr=1 Br=0 UBr=0 ALUOp=0010 SignOp=01 ALUSrc=1 IsMovZ=0
  imm=0000000000000008  aluB(sel)=0000000000000008  ALUout=0000000000000008  Zero=0  NextPC=0000000000000008  Mem[R]=000000000000000a
CurrentPC:0000000000000004
RF  WR: X10 <= 000000000000000a
NPC DEC: SEQ    PC=0x0000000000000008  Z=0  B=0  CB=0  +4=0x000000000000000c    -> NextPC=0x000000000000000c
NPC DEC: SEQ    PC=0x0000000000000008  Z=0  B=0  CB=0  +4=0x000000000000000c    -> NextPC=0x000000000000000c
ALU ADD  A=0000000000000000  B=0000000000000010  -> W=0000000000000010
DMEM RD  [0x0000000000000010] -> 000000000000000a
DMEM RD  [0x0000000000000010] -> 0000000000000005
PC=0000000000000008  instr=f84103eb  opc[31:21]=11111000010
  RF idx: Rn=31  Rm=1  Rt=11
  RF val: A=0000000000000000  B=0000000000000000  (Reg2Loc=0 -> RB=Rm)
  ctrl: Reg2Loc=0 MemR=1 MemW=0 Mem2Reg=1 RegWr=1 Br=0 UBr=0 ALUOp=0010 SignOp=01 ALUSrc=1 IsMovZ=0
  imm=0000000000000010  aluB(sel)=0000000000000010  ALUout=0000000000000010  Zero=0  NextPC=000000000000000c  Mem[R]=0000000000000005
CurrentPC:0000000000000008
RF  WR: X11 <= 0000000000000005
NPC DEC: SEQ    PC=0x000000000000000c  Z=0  B=0  CB=0  +4=0x0000000000000010    -> NextPC=0x0000000000000010
NPC DEC: SEQ    PC=0x000000000000000c  Z=0  B=0  CB=0  +4=0x0000000000000010    -> NextPC=0x0000000000000010
ALU ADD  A=0000000000000000  B=0000000000000018  -> W=0000000000000018
DMEM RD  [0x0000000000000018] -> 0000000000000005
DMEM RD  [0x0000000000000018] -> 0ffbea7deadbeeff
PC=000000000000000c  instr=f84183ec  opc[31:21]=11111000010
  RF idx: Rn=31  Rm=1  Rt=12
  RF val: A=0000000000000000  B=0000000000000000  (Reg2Loc=0 -> RB=Rm)
  ctrl: Reg2Loc=0 MemR=1 MemW=0 Mem2Reg=1 RegWr=1 Br=0 UBr=0 ALUOp=0010 SignOp=01 ALUSrc=1 IsMovZ=0
  imm=0000000000000018  aluB(sel)=0000000000000018  ALUout=0000000000000018  Zero=0  NextPC=0000000000000010  Mem[R]=0ffbea7deadbeeff
CurrentPC:000000000000000c
RF  WR: X12 <= 0ffbea7deadbeeff
NPC DEC: SEQ    PC=0x0000000000000010  Z=0  B=0  CB=0  +4=0x0000000000000014    -> NextPC=0x0000000000000014
NPC DEC: SEQ    PC=0x0000000000000010  Z=0  B=0  CB=0  +4=0x0000000000000014    -> NextPC=0x0000000000000014
ALU ADD  A=0000000000000000  B=0000000000000020  -> W=0000000000000020
DMEM RD  [0x0000000000000020] -> 0ffbea7deadbeeff
DMEM RD  [0x0000000000000020] -> 0000000000000000
PC=0000000000000010  instr=f84203ed  opc[31:21]=11111000010
  RF idx: Rn=31  Rm=2  Rt=13
  RF val: A=0000000000000000  B=0000000000000000  (Reg2Loc=0 -> RB=Rm)
  ctrl: Reg2Loc=0 MemR=1 MemW=0 Mem2Reg=1 RegWr=1 Br=0 UBr=0 ALUOp=0010 SignOp=01 ALUSrc=1 IsMovZ=0
  imm=0000000000000020  aluB(sel)=0000000000000020  ALUout=0000000000000020  Zero=0  NextPC=0000000000000014  Mem[R]=0000000000000000
CurrentPC:0000000000000010
RF  WR: X13 <= 0000000000000000
NPC DEC: SEQ    PC=0x0000000000000014  Z=0  B=0  CB=0  +4=0x0000000000000018    -> NextPC=0x0000000000000018
DEC ORR
ALU OR   A=000000000000000a  B=0000000000000000  -> W=000000000000000a
NPC DEC: SEQ    PC=0x0000000000000014  Z=0  B=0  CB=0  +4=0x0000000000000018    -> NextPC=0x0000000000000018
ALU OR   A=000000000000000a  B=0000000000000005  -> W=000000000000000f
PC=0000000000000014  instr=aa0b014a  opc[31:21]=10101010000
  RF idx: Rn=10  Rm=11  Rt=10
  RF val: A=000000000000000a  B=0000000000000005  (Reg2Loc=0 -> RB=Rm)
  ctrl: Reg2Loc=0 MemR=0 MemW=0 Mem2Reg=0 RegWr=1 Br=0 UBr=0 ALUOp=0001 SignOp=00 ALUSrc=0 IsMovZ=0
  imm=00000000000002c0  aluB(sel)=0000000000000005  ALUout=000000000000000f  Zero=0  NextPC=0000000000000018  Mem[R]=0000000000000000
CurrentPC:0000000000000014
RF  WR: X10 <= 000000000000000f
ALU OR   A=000000000000000f  B=0000000000000005  -> W=000000000000000f
NPC DEC: SEQ    PC=0x0000000000000018  Z=0  B=0  CB=0  +4=0x000000000000001c    -> NextPC=0x000000000000001c
DEC AND
ALU AND  A=0ffbea7deadbeeff  B=0000000000000005  -> W=0000000000000005
NPC DEC: SEQ    PC=0x0000000000000018  Z=0  B=0  CB=0  +4=0x000000000000001c    -> NextPC=0x000000000000001c
ALU AND  A=0ffbea7deadbeeff  B=000000000000000f  -> W=000000000000000f
PC=0000000000000018  instr=8a0a018c  opc[31:21]=10001010000
  RF idx: Rn=12  Rm=10  Rt=12
  RF val: A=0ffbea7deadbeeff  B=000000000000000f  (Reg2Loc=0 -> RB=Rm)
  ctrl: Reg2Loc=0 MemR=0 MemW=0 Mem2Reg=0 RegWr=1 Br=0 UBr=0 ALUOp=0000 SignOp=00 ALUSrc=0 IsMovZ=0
  imm=0000000000000280  aluB(sel)=000000000000000f  ALUout=000000000000000f  Zero=0  NextPC=000000000000001c  Mem[R]=0000000000000000
CurrentPC:0000000000000018
RF  WR: X12 <= 000000000000000f
ALU AND  A=000000000000000f  B=000000000000000f  -> W=000000000000000f
NPC DEC: SEQ    PC=0x000000000000001c  Z=0  B=0  CB=0  +4=0x0000000000000020    -> NextPC=0x0000000000000020
DEC CBZ
ALU PASSB (CBZ chk) B=000000000000000f  Zero?=0
NPC DEC: SEQ    PC=0x000000000000001c  Z=0  B=0  CB=1  +4=0x0000000000000020    -> NextPC=0x0000000000000020
  NPC: CBZ   not  Cur=000000000000001c Off=0000000000000010 -> 0000000000000020
ALU PASSB (CBZ chk) B=0000000000000000  Zero?=1
NPC DEC: SEQ    PC=0x000000000000001c  Z=1  B=0  CB=1  +4=0x0000000000000020    -> NextPC=0x0000000000000020
  NPC: CBZ taken  Cur=000000000000001c Off=0000000000000010 -> 0000000000000020
ALU PASSB (CBZ chk) B=000000000000000f  Zero?=0
NPC DEC: CB TAK PC=0x000000000000001c  Z=0  imm=0x0000000000000010  target=0x000000000000002c  -> NextPC=0x000000000000002c
  NPC: CBZ   not  Cur=000000000000001c Off=0000000000000010 -> 000000000000002c
NPC DEC: SEQ    PC=0x000000000000001c  Z=0  B=0  CB=1  +4=0x0000000000000020    -> NextPC=0x0000000000000020
  NPC: CBZ   not  Cur=000000000000001c Off=0000000000000010 -> 0000000000000020
PC=000000000000001c  instr=b400008c  opc[31:21]=10110100000
  RF idx: Rn=4  Rm=0  Rt=12
  RF val: A=0000000000000000  B=000000000000000f  (Reg2Loc=1 -> RB=Rt)
  ctrl: Reg2Loc=1 MemR=0 MemW=0 Mem2Reg=0 RegWr=0 Br=1 UBr=0 ALUOp=0111 SignOp=10 ALUSrc=0 IsMovZ=0
  imm=0000000000000010  aluB(sel)=000000000000000f  ALUout=000000000000000f  Zero=0  NextPC=0000000000000020  Mem[R]=0000000000000000
CurrentPC:000000000000001c
NPC DEC: SEQ    PC=0x0000000000000020  Z=0  B=0  CB=1  +4=0x0000000000000024    -> NextPC=0x0000000000000024
  NPC: CBZ   not  Cur=0000000000000020 Off=0000000000000010 -> 0000000000000024
DEC ADD
NPC DEC: SEQ    PC=0x0000000000000020  Z=0  B=0  CB=0  +4=0x0000000000000024    -> NextPC=0x0000000000000024
ALU ADD  A=0000000000000000  B=000000000000000f  -> W=000000000000000f
ALU ADD  A=0000000000000000  B=0000000000000000  -> W=0000000000000000
NPC DEC: SEQ    PC=0x0000000000000020  Z=1  B=0  CB=0  +4=0x0000000000000024    -> NextPC=0x0000000000000024
ALU ADD  A=0000000000000000  B=0000000000000001  -> W=0000000000000001
NPC DEC: SEQ    PC=0x0000000000000020  Z=0  B=0  CB=0  +4=0x0000000000000024    -> NextPC=0x0000000000000024
PC=0000000000000020  instr=8b0901ad  opc[31:21]=10001011000
  RF idx: Rn=13  Rm=9  Rt=13
  RF val: A=0000000000000000  B=0000000000000001  (Reg2Loc=0 -> RB=Rm)
  ctrl: Reg2Loc=0 MemR=0 MemW=0 Mem2Reg=0 RegWr=1 Br=0 UBr=0 ALUOp=0010 SignOp=00 ALUSrc=0 IsMovZ=0
  imm=0000000000000240  aluB(sel)=0000000000000001  ALUout=0000000000000001  Zero=0  NextPC=0000000000000024  Mem[R]=0000000000000000
CurrentPC:0000000000000020
RF  WR: X13 <= 0000000000000001
ALU ADD  A=0000000000000001  B=0000000000000001  -> W=0000000000000002
NPC DEC: SEQ    PC=0x0000000000000024  Z=0  B=0  CB=0  +4=0x0000000000000028    -> NextPC=0x0000000000000028
DEC SUB
ALU SUB  A=000000000000000f  B=0000000000000001  -> W=000000000000000e
PC=0000000000000024  instr=cb09018c  opc[31:21]=11001011000
  RF idx: Rn=12  Rm=9  Rt=12
  RF val: A=000000000000000f  B=0000000000000001  (Reg2Loc=0 -> RB=Rm)
  ctrl: Reg2Loc=0 MemR=0 MemW=0 Mem2Reg=0 RegWr=1 Br=0 UBr=0 ALUOp=0110 SignOp=00 ALUSrc=0 IsMovZ=0
  imm=0000000000000240  aluB(sel)=0000000000000001  ALUout=000000000000000e  Zero=0  NextPC=0000000000000028  Mem[R]=0000000000000000
CurrentPC:0000000000000024
RF  WR: X12 <= 000000000000000e
ALU SUB  A=000000000000000e  B=0000000000000001  -> W=000000000000000d
NPC DEC: SEQ    PC=0x0000000000000028  Z=0  B=0  CB=0  +4=0x000000000000002c    -> NextPC=0x000000000000002c
DEC B
ALU ADD  A=0000000000000000  B=0000000000000001  -> W=0000000000000001
NPC DEC: B      PC=0x0000000000000028  imm=0xfffffffffffffff4  target=0x000000000000001c  -> NextPC=0x000000000000001c
  NPC: B   taken  Cur=0000000000000028 Off=fffffffffffffff4 -> 000000000000001c
ALU ADD  A=0000000000000000  B=0000000000000000  -> W=0000000000000000
NPC DEC: B      PC=0x0000000000000028  imm=0xfffffffffffffff4  target=0x000000000000001c  -> NextPC=0x000000000000001c
  NPC: B   taken  Cur=0000000000000028 Off=fffffffffffffff4 -> 000000000000001c
PC=0000000000000028  instr=17fffffd  opc[31:21]=00010111111
  RF idx: Rn=31  Rm=31  Rt=29
  RF val: A=0000000000000000  B=0000000000000000  (Reg2Loc=0 -> RB=Rm)
  ctrl: Reg2Loc=0 MemR=0 MemW=0 Mem2Reg=0 RegWr=0 Br=0 UBr=1 ALUOp=0010 SignOp=11 ALUSrc=0 IsMovZ=0
  imm=fffffffffffffff4  aluB(sel)=0000000000000000  ALUout=0000000000000000  Zero=1  NextPC=000000000000001c  Mem[R]=0000000000000000
CurrentPC:0000000000000028
NPC DEC: B      PC=0x000000000000001c  imm=0xfffffffffffffff4  target=0x0000000000000010  -> NextPC=0x0000000000000010
  NPC: B   taken  Cur=000000000000001c Off=fffffffffffffff4 -> 0000000000000010
DEC CBZ
NPC DEC: SEQ    PC=0x000000000000001c  Z=1  B=0  CB=1  +4=0x0000000000000020    -> NextPC=0x0000000000000020
  NPC: CBZ taken  Cur=000000000000001c Off=0000000000000010 -> 0000000000000020
ALU PASSB (CBZ chk) B=0000000000000000  Zero?=1
NPC DEC: CB TAK PC=0x000000000000001c  Z=1  imm=0x0000000000000010  target=0x000000000000002c  -> NextPC=0x000000000000002c
  NPC: CBZ taken  Cur=000000000000001c Off=0000000000000010 -> 000000000000002c
ALU PASSB (CBZ chk) B=000000000000000e  Zero?=0
NPC DEC: CB TAK PC=0x000000000000001c  Z=0  imm=0x0000000000000010  target=0x000000000000002c  -> NextPC=0x000000000000002c
  NPC: CBZ   not  Cur=000000000000001c Off=0000000000000010 -> 000000000000002c
NPC DEC: SEQ    PC=0x000000000000001c  Z=0  B=0  CB=1  +4=0x0000000000000020    -> NextPC=0x0000000000000020
  NPC: CBZ   not  Cur=000000000000001c Off=0000000000000010 -> 0000000000000020
PC=000000000000001c  instr=b400008c  opc[31:21]=10110100000
  RF idx: Rn=4  Rm=0  Rt=12
  RF val: A=0000000000000000  B=000000000000000e  (Reg2Loc=1 -> RB=Rt)
  ctrl: Reg2Loc=1 MemR=0 MemW=0 Mem2Reg=0 RegWr=0 Br=1 UBr=0 ALUOp=0111 SignOp=10 ALUSrc=0 IsMovZ=0
  imm=0000000000000010  aluB(sel)=000000000000000e  ALUout=000000000000000e  Zero=0  NextPC=0000000000000020  Mem[R]=0000000000000000
CurrentPC:000000000000001c
NPC DEC: SEQ    PC=0x0000000000000020  Z=0  B=0  CB=1  +4=0x0000000000000024    -> NextPC=0x0000000000000024
  NPC: CBZ   not  Cur=0000000000000020 Off=0000000000000010 -> 0000000000000024
DEC ADD
NPC DEC: SEQ    PC=0x0000000000000020  Z=0  B=0  CB=0  +4=0x0000000000000024    -> NextPC=0x0000000000000024
ALU ADD  A=0000000000000001  B=000000000000000e  -> W=000000000000000f
ALU ADD  A=0000000000000001  B=0000000000000001  -> W=0000000000000002
PC=0000000000000020  instr=8b0901ad  opc[31:21]=10001011000
  RF idx: Rn=13  Rm=9  Rt=13
  RF val: A=0000000000000001  B=0000000000000001  (Reg2Loc=0 -> RB=Rm)
  ctrl: Reg2Loc=0 MemR=0 MemW=0 Mem2Reg=0 RegWr=1 Br=0 UBr=0 ALUOp=0010 SignOp=00 ALUSrc=0 IsMovZ=0
  imm=0000000000000240  aluB(sel)=0000000000000001  ALUout=0000000000000002  Zero=0  NextPC=0000000000000024  Mem[R]=0000000000000000
CurrentPC:0000000000000020
RF  WR: X13 <= 0000000000000002
ALU ADD  A=0000000000000002  B=0000000000000001  -> W=0000000000000003
NPC DEC: SEQ    PC=0x0000000000000024  Z=0  B=0  CB=0  +4=0x0000000000000028    -> NextPC=0x0000000000000028
DEC SUB
ALU SUB  A=000000000000000e  B=0000000000000001  -> W=000000000000000d
PC=0000000000000024  instr=cb09018c  opc[31:21]=11001011000
  RF idx: Rn=12  Rm=9  Rt=12
  RF val: A=000000000000000e  B=0000000000000001  (Reg2Loc=0 -> RB=Rm)
  ctrl: Reg2Loc=0 MemR=0 MemW=0 Mem2Reg=0 RegWr=1 Br=0 UBr=0 ALUOp=0110 SignOp=00 ALUSrc=0 IsMovZ=0
  imm=0000000000000240  aluB(sel)=0000000000000001  ALUout=000000000000000d  Zero=0  NextPC=0000000000000028  Mem[R]=0000000000000000
CurrentPC:0000000000000024
RF  WR: X12 <= 000000000000000d
ALU SUB  A=000000000000000d  B=0000000000000001  -> W=000000000000000c
NPC DEC: SEQ    PC=0x0000000000000028  Z=0  B=0  CB=0  +4=0x000000000000002c    -> NextPC=0x000000000000002c
DEC B
ALU ADD  A=0000000000000000  B=0000000000000001  -> W=0000000000000001
NPC DEC: B      PC=0x0000000000000028  imm=0xfffffffffffffff4  target=0x000000000000001c  -> NextPC=0x000000000000001c
  NPC: B   taken  Cur=0000000000000028 Off=fffffffffffffff4 -> 000000000000001c
ALU ADD  A=0000000000000000  B=0000000000000000  -> W=0000000000000000
NPC DEC: B      PC=0x0000000000000028  imm=0xfffffffffffffff4  target=0x000000000000001c  -> NextPC=0x000000000000001c
  NPC: B   taken  Cur=0000000000000028 Off=fffffffffffffff4 -> 000000000000001c
PC=0000000000000028  instr=17fffffd  opc[31:21]=00010111111
  RF idx: Rn=31  Rm=31  Rt=29
  RF val: A=0000000000000000  B=0000000000000000  (Reg2Loc=0 -> RB=Rm)
  ctrl: Reg2Loc=0 MemR=0 MemW=0 Mem2Reg=0 RegWr=0 Br=0 UBr=1 ALUOp=0010 SignOp=11 ALUSrc=0 IsMovZ=0
  imm=fffffffffffffff4  aluB(sel)=0000000000000000  ALUout=0000000000000000  Zero=1  NextPC=000000000000001c  Mem[R]=0000000000000000
CurrentPC:0000000000000028
NPC DEC: B      PC=0x000000000000001c  imm=0xfffffffffffffff4  target=0x0000000000000010  -> NextPC=0x0000000000000010
  NPC: B   taken  Cur=000000000000001c Off=fffffffffffffff4 -> 0000000000000010
DEC CBZ
NPC DEC: SEQ    PC=0x000000000000001c  Z=1  B=0  CB=1  +4=0x0000000000000020    -> NextPC=0x0000000000000020
  NPC: CBZ taken  Cur=000000000000001c Off=0000000000000010 -> 0000000000000020
ALU PASSB (CBZ chk) B=0000000000000000  Zero?=1
NPC DEC: CB TAK PC=0x000000000000001c  Z=1  imm=0x0000000000000010  target=0x000000000000002c  -> NextPC=0x000000000000002c
  NPC: CBZ taken  Cur=000000000000001c Off=0000000000000010 -> 000000000000002c
ALU PASSB (CBZ chk) B=000000000000000d  Zero?=0
NPC DEC: CB TAK PC=0x000000000000001c  Z=0  imm=0x0000000000000010  target=0x000000000000002c  -> NextPC=0x000000000000002c
  NPC: CBZ   not  Cur=000000000000001c Off=0000000000000010 -> 000000000000002c
NPC DEC: SEQ    PC=0x000000000000001c  Z=0  B=0  CB=1  +4=0x0000000000000020    -> NextPC=0x0000000000000020
  NPC: CBZ   not  Cur=000000000000001c Off=0000000000000010 -> 0000000000000020
PC=000000000000001c  instr=b400008c  opc[31:21]=10110100000
  RF idx: Rn=4  Rm=0  Rt=12
  RF val: A=0000000000000000  B=000000000000000d  (Reg2Loc=1 -> RB=Rt)
  ctrl: Reg2Loc=1 MemR=0 MemW=0 Mem2Reg=0 RegWr=0 Br=1 UBr=0 ALUOp=0111 SignOp=10 ALUSrc=0 IsMovZ=0
  imm=0000000000000010  aluB(sel)=000000000000000d  ALUout=000000000000000d  Zero=0  NextPC=0000000000000020  Mem[R]=0000000000000000
CurrentPC:000000000000001c
NPC DEC: SEQ    PC=0x0000000000000020  Z=0  B=0  CB=1  +4=0x0000000000000024    -> NextPC=0x0000000000000024
  NPC: CBZ   not  Cur=0000000000000020 Off=0000000000000010 -> 0000000000000024
DEC ADD
NPC DEC: SEQ    PC=0x0000000000000020  Z=0  B=0  CB=0  +4=0x0000000000000024    -> NextPC=0x0000000000000024
ALU ADD  A=0000000000000002  B=000000000000000d  -> W=000000000000000f
ALU ADD  A=0000000000000002  B=0000000000000002  -> W=0000000000000004
ALU ADD  A=0000000000000002  B=0000000000000001  -> W=0000000000000003
PC=0000000000000020  instr=8b0901ad  opc[31:21]=10001011000
  RF idx: Rn=13  Rm=9  Rt=13
  RF val: A=0000000000000002  B=0000000000000001  (Reg2Loc=0 -> RB=Rm)
  ctrl: Reg2Loc=0 MemR=0 MemW=0 Mem2Reg=0 RegWr=1 Br=0 UBr=0 ALUOp=0010 SignOp=00 ALUSrc=0 IsMovZ=0
  imm=0000000000000240  aluB(sel)=0000000000000001  ALUout=0000000000000003  Zero=0  NextPC=0000000000000024  Mem[R]=0000000000000000
CurrentPC:0000000000000020
RF  WR: X13 <= 0000000000000003
ALU ADD  A=0000000000000003  B=0000000000000001  -> W=0000000000000004
NPC DEC: SEQ    PC=0x0000000000000024  Z=0  B=0  CB=0  +4=0x0000000000000028    -> NextPC=0x0000000000000028
DEC SUB
ALU SUB  A=000000000000000d  B=0000000000000001  -> W=000000000000000c
PC=0000000000000024  instr=cb09018c  opc[31:21]=11001011000
  RF idx: Rn=12  Rm=9  Rt=12
  RF val: A=000000000000000d  B=0000000000000001  (Reg2Loc=0 -> RB=Rm)
  ctrl: Reg2Loc=0 MemR=0 MemW=0 Mem2Reg=0 RegWr=1 Br=0 UBr=0 ALUOp=0110 SignOp=00 ALUSrc=0 IsMovZ=0
  imm=0000000000000240  aluB(sel)=0000000000000001  ALUout=000000000000000c  Zero=0  NextPC=0000000000000028  Mem[R]=0000000000000000
CurrentPC:0000000000000024
RF  WR: X12 <= 000000000000000c
ALU SUB  A=000000000000000c  B=0000000000000001  -> W=000000000000000b
NPC DEC: SEQ    PC=0x0000000000000028  Z=0  B=0  CB=0  +4=0x000000000000002c    -> NextPC=0x000000000000002c
DEC B
ALU ADD  A=0000000000000000  B=0000000000000001  -> W=0000000000000001
NPC DEC: B      PC=0x0000000000000028  imm=0xfffffffffffffff4  target=0x000000000000001c  -> NextPC=0x000000000000001c
  NPC: B   taken  Cur=0000000000000028 Off=fffffffffffffff4 -> 000000000000001c
ALU ADD  A=0000000000000000  B=0000000000000000  -> W=0000000000000000
NPC DEC: B      PC=0x0000000000000028  imm=0xfffffffffffffff4  target=0x000000000000001c  -> NextPC=0x000000000000001c
  NPC: B   taken  Cur=0000000000000028 Off=fffffffffffffff4 -> 000000000000001c
PC=0000000000000028  instr=17fffffd  opc[31:21]=00010111111
  RF idx: Rn=31  Rm=31  Rt=29
  RF val: A=0000000000000000  B=0000000000000000  (Reg2Loc=0 -> RB=Rm)
  ctrl: Reg2Loc=0 MemR=0 MemW=0 Mem2Reg=0 RegWr=0 Br=0 UBr=1 ALUOp=0010 SignOp=11 ALUSrc=0 IsMovZ=0
  imm=fffffffffffffff4  aluB(sel)=0000000000000000  ALUout=0000000000000000  Zero=1  NextPC=000000000000001c  Mem[R]=0000000000000000
CurrentPC:0000000000000028
NPC DEC: B      PC=0x000000000000001c  imm=0xfffffffffffffff4  target=0x0000000000000010  -> NextPC=0x0000000000000010
  NPC: B   taken  Cur=000000000000001c Off=fffffffffffffff4 -> 0000000000000010
DEC CBZ
NPC DEC: SEQ    PC=0x000000000000001c  Z=1  B=0  CB=1  +4=0x0000000000000020    -> NextPC=0x0000000000000020
  NPC: CBZ taken  Cur=000000000000001c Off=0000000000000010 -> 0000000000000020
ALU PASSB (CBZ chk) B=0000000000000000  Zero?=1
NPC DEC: CB TAK PC=0x000000000000001c  Z=1  imm=0x0000000000000010  target=0x000000000000002c  -> NextPC=0x000000000000002c
  NPC: CBZ taken  Cur=000000000000001c Off=0000000000000010 -> 000000000000002c
ALU PASSB (CBZ chk) B=000000000000000c  Zero?=0
NPC DEC: CB TAK PC=0x000000000000001c  Z=0  imm=0x0000000000000010  target=0x000000000000002c  -> NextPC=0x000000000000002c
  NPC: CBZ   not  Cur=000000000000001c Off=0000000000000010 -> 000000000000002c
NPC DEC: SEQ    PC=0x000000000000001c  Z=0  B=0  CB=1  +4=0x0000000000000020    -> NextPC=0x0000000000000020
  NPC: CBZ   not  Cur=000000000000001c Off=0000000000000010 -> 0000000000000020
PC=000000000000001c  instr=b400008c  opc[31:21]=10110100000
  RF idx: Rn=4  Rm=0  Rt=12
  RF val: A=0000000000000000  B=000000000000000c  (Reg2Loc=1 -> RB=Rt)
  ctrl: Reg2Loc=1 MemR=0 MemW=0 Mem2Reg=0 RegWr=0 Br=1 UBr=0 ALUOp=0111 SignOp=10 ALUSrc=0 IsMovZ=0
  imm=0000000000000010  aluB(sel)=000000000000000c  ALUout=000000000000000c  Zero=0  NextPC=0000000000000020  Mem[R]=0000000000000000
CurrentPC:000000000000001c
NPC DEC: SEQ    PC=0x0000000000000020  Z=0  B=0  CB=1  +4=0x0000000000000024    -> NextPC=0x0000000000000024
  NPC: CBZ   not  Cur=0000000000000020 Off=0000000000000010 -> 0000000000000024
DEC ADD
NPC DEC: SEQ    PC=0x0000000000000020  Z=0  B=0  CB=0  +4=0x0000000000000024    -> NextPC=0x0000000000000024
ALU ADD  A=0000000000000003  B=000000000000000c  -> W=000000000000000f
ALU ADD  A=0000000000000003  B=0000000000000003  -> W=0000000000000006
ALU ADD  A=0000000000000003  B=0000000000000001  -> W=0000000000000004
PC=0000000000000020  instr=8b0901ad  opc[31:21]=10001011000
  RF idx: Rn=13  Rm=9  Rt=13
  RF val: A=0000000000000003  B=0000000000000001  (Reg2Loc=0 -> RB=Rm)
  ctrl: Reg2Loc=0 MemR=0 MemW=0 Mem2Reg=0 RegWr=1 Br=0 UBr=0 ALUOp=0010 SignOp=00 ALUSrc=0 IsMovZ=0
  imm=0000000000000240  aluB(sel)=0000000000000001  ALUout=0000000000000004  Zero=0  NextPC=0000000000000024  Mem[R]=0000000000000000
CurrentPC:0000000000000020
RF  WR: X13 <= 0000000000000004
ALU ADD  A=0000000000000004  B=0000000000000001  -> W=0000000000000005
NPC DEC: SEQ    PC=0x0000000000000024  Z=0  B=0  CB=0  +4=0x0000000000000028    -> NextPC=0x0000000000000028
DEC SUB
ALU SUB  A=000000000000000c  B=0000000000000001  -> W=000000000000000b
PC=0000000000000024  instr=cb09018c  opc[31:21]=11001011000
  RF idx: Rn=12  Rm=9  Rt=12
  RF val: A=000000000000000c  B=0000000000000001  (Reg2Loc=0 -> RB=Rm)
  ctrl: Reg2Loc=0 MemR=0 MemW=0 Mem2Reg=0 RegWr=1 Br=0 UBr=0 ALUOp=0110 SignOp=00 ALUSrc=0 IsMovZ=0
  imm=0000000000000240  aluB(sel)=0000000000000001  ALUout=000000000000000b  Zero=0  NextPC=0000000000000028  Mem[R]=0000000000000000
CurrentPC:0000000000000024
RF  WR: X12 <= 000000000000000b
ALU SUB  A=000000000000000b  B=0000000000000001  -> W=000000000000000a
NPC DEC: SEQ    PC=0x0000000000000028  Z=0  B=0  CB=0  +4=0x000000000000002c    -> NextPC=0x000000000000002c
DEC B
ALU ADD  A=0000000000000000  B=0000000000000001  -> W=0000000000000001
NPC DEC: B      PC=0x0000000000000028  imm=0xfffffffffffffff4  target=0x000000000000001c  -> NextPC=0x000000000000001c
  NPC: B   taken  Cur=0000000000000028 Off=fffffffffffffff4 -> 000000000000001c
ALU ADD  A=0000000000000000  B=0000000000000000  -> W=0000000000000000
NPC DEC: B      PC=0x0000000000000028  imm=0xfffffffffffffff4  target=0x000000000000001c  -> NextPC=0x000000000000001c
  NPC: B   taken  Cur=0000000000000028 Off=fffffffffffffff4 -> 000000000000001c
PC=0000000000000028  instr=17fffffd  opc[31:21]=00010111111
  RF idx: Rn=31  Rm=31  Rt=29
  RF val: A=0000000000000000  B=0000000000000000  (Reg2Loc=0 -> RB=Rm)
  ctrl: Reg2Loc=0 MemR=0 MemW=0 Mem2Reg=0 RegWr=0 Br=0 UBr=1 ALUOp=0010 SignOp=11 ALUSrc=0 IsMovZ=0
  imm=fffffffffffffff4  aluB(sel)=0000000000000000  ALUout=0000000000000000  Zero=1  NextPC=000000000000001c  Mem[R]=0000000000000000
CurrentPC:0000000000000028
NPC DEC: B      PC=0x000000000000001c  imm=0xfffffffffffffff4  target=0x0000000000000010  -> NextPC=0x0000000000000010
  NPC: B   taken  Cur=000000000000001c Off=fffffffffffffff4 -> 0000000000000010
DEC CBZ
NPC DEC: SEQ    PC=0x000000000000001c  Z=1  B=0  CB=1  +4=0x0000000000000020    -> NextPC=0x0000000000000020
  NPC: CBZ taken  Cur=000000000000001c Off=0000000000000010 -> 0000000000000020
ALU PASSB (CBZ chk) B=0000000000000000  Zero?=1
NPC DEC: CB TAK PC=0x000000000000001c  Z=1  imm=0x0000000000000010  target=0x000000000000002c  -> NextPC=0x000000000000002c
  NPC: CBZ taken  Cur=000000000000001c Off=0000000000000010 -> 000000000000002c
ALU PASSB (CBZ chk) B=000000000000000b  Zero?=0
NPC DEC: CB TAK PC=0x000000000000001c  Z=0  imm=0x0000000000000010  target=0x000000000000002c  -> NextPC=0x000000000000002c
  NPC: CBZ   not  Cur=000000000000001c Off=0000000000000010 -> 000000000000002c
NPC DEC: SEQ    PC=0x000000000000001c  Z=0  B=0  CB=1  +4=0x0000000000000020    -> NextPC=0x0000000000000020
  NPC: CBZ   not  Cur=000000000000001c Off=0000000000000010 -> 0000000000000020
PC=000000000000001c  instr=b400008c  opc[31:21]=10110100000
  RF idx: Rn=4  Rm=0  Rt=12
  RF val: A=0000000000000000  B=000000000000000b  (Reg2Loc=1 -> RB=Rt)
  ctrl: Reg2Loc=1 MemR=0 MemW=0 Mem2Reg=0 RegWr=0 Br=1 UBr=0 ALUOp=0111 SignOp=10 ALUSrc=0 IsMovZ=0
  imm=0000000000000010  aluB(sel)=000000000000000b  ALUout=000000000000000b  Zero=0  NextPC=0000000000000020  Mem[R]=0000000000000000
CurrentPC:000000000000001c
NPC DEC: SEQ    PC=0x0000000000000020  Z=0  B=0  CB=1  +4=0x0000000000000024    -> NextPC=0x0000000000000024
  NPC: CBZ   not  Cur=0000000000000020 Off=0000000000000010 -> 0000000000000024
DEC ADD
NPC DEC: SEQ    PC=0x0000000000000020  Z=0  B=0  CB=0  +4=0x0000000000000024    -> NextPC=0x0000000000000024
ALU ADD  A=0000000000000004  B=000000000000000b  -> W=000000000000000f
ALU ADD  A=0000000000000004  B=0000000000000004  -> W=0000000000000008
ALU ADD  A=0000000000000004  B=0000000000000001  -> W=0000000000000005
PC=0000000000000020  instr=8b0901ad  opc[31:21]=10001011000
  RF idx: Rn=13  Rm=9  Rt=13
  RF val: A=0000000000000004  B=0000000000000001  (Reg2Loc=0 -> RB=Rm)
  ctrl: Reg2Loc=0 MemR=0 MemW=0 Mem2Reg=0 RegWr=1 Br=0 UBr=0 ALUOp=0010 SignOp=00 ALUSrc=0 IsMovZ=0
  imm=0000000000000240  aluB(sel)=0000000000000001  ALUout=0000000000000005  Zero=0  NextPC=0000000000000024  Mem[R]=0000000000000000
CurrentPC:0000000000000020
RF  WR: X13 <= 0000000000000005
ALU ADD  A=0000000000000005  B=0000000000000001  -> W=0000000000000006
NPC DEC: SEQ    PC=0x0000000000000024  Z=0  B=0  CB=0  +4=0x0000000000000028    -> NextPC=0x0000000000000028
DEC SUB
ALU SUB  A=000000000000000b  B=0000000000000001  -> W=000000000000000a
PC=0000000000000024  instr=cb09018c  opc[31:21]=11001011000
  RF idx: Rn=12  Rm=9  Rt=12
  RF val: A=000000000000000b  B=0000000000000001  (Reg2Loc=0 -> RB=Rm)
  ctrl: Reg2Loc=0 MemR=0 MemW=0 Mem2Reg=0 RegWr=1 Br=0 UBr=0 ALUOp=0110 SignOp=00 ALUSrc=0 IsMovZ=0
  imm=0000000000000240  aluB(sel)=0000000000000001  ALUout=000000000000000a  Zero=0  NextPC=0000000000000028  Mem[R]=0000000000000000
CurrentPC:0000000000000024
RF  WR: X12 <= 000000000000000a
ALU SUB  A=000000000000000a  B=0000000000000001  -> W=0000000000000009
NPC DEC: SEQ    PC=0x0000000000000028  Z=0  B=0  CB=0  +4=0x000000000000002c    -> NextPC=0x000000000000002c
DEC B
ALU ADD  A=0000000000000000  B=0000000000000001  -> W=0000000000000001
NPC DEC: B      PC=0x0000000000000028  imm=0xfffffffffffffff4  target=0x000000000000001c  -> NextPC=0x000000000000001c
  NPC: B   taken  Cur=0000000000000028 Off=fffffffffffffff4 -> 000000000000001c
ALU ADD  A=0000000000000000  B=0000000000000000  -> W=0000000000000000
NPC DEC: B      PC=0x0000000000000028  imm=0xfffffffffffffff4  target=0x000000000000001c  -> NextPC=0x000000000000001c
  NPC: B   taken  Cur=0000000000000028 Off=fffffffffffffff4 -> 000000000000001c
PC=0000000000000028  instr=17fffffd  opc[31:21]=00010111111
  RF idx: Rn=31  Rm=31  Rt=29
  RF val: A=0000000000000000  B=0000000000000000  (Reg2Loc=0 -> RB=Rm)
  ctrl: Reg2Loc=0 MemR=0 MemW=0 Mem2Reg=0 RegWr=0 Br=0 UBr=1 ALUOp=0010 SignOp=11 ALUSrc=0 IsMovZ=0
  imm=fffffffffffffff4  aluB(sel)=0000000000000000  ALUout=0000000000000000  Zero=1  NextPC=000000000000001c  Mem[R]=0000000000000000
CurrentPC:0000000000000028
NPC DEC: B      PC=0x000000000000001c  imm=0xfffffffffffffff4  target=0x0000000000000010  -> NextPC=0x0000000000000010
  NPC: B   taken  Cur=000000000000001c Off=fffffffffffffff4 -> 0000000000000010
DEC CBZ
NPC DEC: SEQ    PC=0x000000000000001c  Z=1  B=0  CB=1  +4=0x0000000000000020    -> NextPC=0x0000000000000020
  NPC: CBZ taken  Cur=000000000000001c Off=0000000000000010 -> 0000000000000020
ALU PASSB (CBZ chk) B=0000000000000000  Zero?=1
NPC DEC: CB TAK PC=0x000000000000001c  Z=1  imm=0x0000000000000010  target=0x000000000000002c  -> NextPC=0x000000000000002c
  NPC: CBZ taken  Cur=000000000000001c Off=0000000000000010 -> 000000000000002c
ALU PASSB (CBZ chk) B=000000000000000a  Zero?=0
NPC DEC: CB TAK PC=0x000000000000001c  Z=0  imm=0x0000000000000010  target=0x000000000000002c  -> NextPC=0x000000000000002c
  NPC: CBZ   not  Cur=000000000000001c Off=0000000000000010 -> 000000000000002c
NPC DEC: SEQ    PC=0x000000000000001c  Z=0  B=0  CB=1  +4=0x0000000000000020    -> NextPC=0x0000000000000020
  NPC: CBZ   not  Cur=000000000000001c Off=0000000000000010 -> 0000000000000020
PC=000000000000001c  instr=b400008c  opc[31:21]=10110100000
  RF idx: Rn=4  Rm=0  Rt=12
  RF val: A=0000000000000000  B=000000000000000a  (Reg2Loc=1 -> RB=Rt)
  ctrl: Reg2Loc=1 MemR=0 MemW=0 Mem2Reg=0 RegWr=0 Br=1 UBr=0 ALUOp=0111 SignOp=10 ALUSrc=0 IsMovZ=0
  imm=0000000000000010  aluB(sel)=000000000000000a  ALUout=000000000000000a  Zero=0  NextPC=0000000000000020  Mem[R]=0000000000000000
CurrentPC:000000000000001c
NPC DEC: SEQ    PC=0x0000000000000020  Z=0  B=0  CB=1  +4=0x0000000000000024    -> NextPC=0x0000000000000024
  NPC: CBZ   not  Cur=0000000000000020 Off=0000000000000010 -> 0000000000000024
DEC ADD
NPC DEC: SEQ    PC=0x0000000000000020  Z=0  B=0  CB=0  +4=0x0000000000000024    -> NextPC=0x0000000000000024
ALU ADD  A=0000000000000005  B=000000000000000a  -> W=000000000000000f
ALU ADD  A=0000000000000005  B=0000000000000005  -> W=000000000000000a
ALU ADD  A=0000000000000005  B=0000000000000001  -> W=0000000000000006
PC=0000000000000020  instr=8b0901ad  opc[31:21]=10001011000
  RF idx: Rn=13  Rm=9  Rt=13
  RF val: A=0000000000000005  B=0000000000000001  (Reg2Loc=0 -> RB=Rm)
  ctrl: Reg2Loc=0 MemR=0 MemW=0 Mem2Reg=0 RegWr=1 Br=0 UBr=0 ALUOp=0010 SignOp=00 ALUSrc=0 IsMovZ=0
  imm=0000000000000240  aluB(sel)=0000000000000001  ALUout=0000000000000006  Zero=0  NextPC=0000000000000024  Mem[R]=0000000000000000
CurrentPC:0000000000000020
RF  WR: X13 <= 0000000000000006
ALU ADD  A=0000000000000006  B=0000000000000001  -> W=0000000000000007
NPC DEC: SEQ    PC=0x0000000000000024  Z=0  B=0  CB=0  +4=0x0000000000000028    -> NextPC=0x0000000000000028
DEC SUB
ALU SUB  A=000000000000000a  B=0000000000000001  -> W=0000000000000009
PC=0000000000000024  instr=cb09018c  opc[31:21]=11001011000
  RF idx: Rn=12  Rm=9  Rt=12
  RF val: A=000000000000000a  B=0000000000000001  (Reg2Loc=0 -> RB=Rm)
  ctrl: Reg2Loc=0 MemR=0 MemW=0 Mem2Reg=0 RegWr=1 Br=0 UBr=0 ALUOp=0110 SignOp=00 ALUSrc=0 IsMovZ=0
  imm=0000000000000240  aluB(sel)=0000000000000001  ALUout=0000000000000009  Zero=0  NextPC=0000000000000028  Mem[R]=0000000000000000
CurrentPC:0000000000000024
RF  WR: X12 <= 0000000000000009
ALU SUB  A=0000000000000009  B=0000000000000001  -> W=0000000000000008
NPC DEC: SEQ    PC=0x0000000000000028  Z=0  B=0  CB=0  +4=0x000000000000002c    -> NextPC=0x000000000000002c
DEC B
ALU ADD  A=0000000000000000  B=0000000000000001  -> W=0000000000000001
NPC DEC: B      PC=0x0000000000000028  imm=0xfffffffffffffff4  target=0x000000000000001c  -> NextPC=0x000000000000001c
  NPC: B   taken  Cur=0000000000000028 Off=fffffffffffffff4 -> 000000000000001c
ALU ADD  A=0000000000000000  B=0000000000000000  -> W=0000000000000000
NPC DEC: B      PC=0x0000000000000028  imm=0xfffffffffffffff4  target=0x000000000000001c  -> NextPC=0x000000000000001c
  NPC: B   taken  Cur=0000000000000028 Off=fffffffffffffff4 -> 000000000000001c
PC=0000000000000028  instr=17fffffd  opc[31:21]=00010111111
  RF idx: Rn=31  Rm=31  Rt=29
  RF val: A=0000000000000000  B=0000000000000000  (Reg2Loc=0 -> RB=Rm)
  ctrl: Reg2Loc=0 MemR=0 MemW=0 Mem2Reg=0 RegWr=0 Br=0 UBr=1 ALUOp=0010 SignOp=11 ALUSrc=0 IsMovZ=0
  imm=fffffffffffffff4  aluB(sel)=0000000000000000  ALUout=0000000000000000  Zero=1  NextPC=000000000000001c  Mem[R]=0000000000000000
CurrentPC:0000000000000028
NPC DEC: B      PC=0x000000000000001c  imm=0xfffffffffffffff4  target=0x0000000000000010  -> NextPC=0x0000000000000010
  NPC: B   taken  Cur=000000000000001c Off=fffffffffffffff4 -> 0000000000000010
DEC CBZ
NPC DEC: SEQ    PC=0x000000000000001c  Z=1  B=0  CB=1  +4=0x0000000000000020    -> NextPC=0x0000000000000020
  NPC: CBZ taken  Cur=000000000000001c Off=0000000000000010 -> 0000000000000020
ALU PASSB (CBZ chk) B=0000000000000000  Zero?=1
NPC DEC: CB TAK PC=0x000000000000001c  Z=1  imm=0x0000000000000010  target=0x000000000000002c  -> NextPC=0x000000000000002c
  NPC: CBZ taken  Cur=000000000000001c Off=0000000000000010 -> 000000000000002c
ALU PASSB (CBZ chk) B=0000000000000009  Zero?=0
NPC DEC: CB TAK PC=0x000000000000001c  Z=0  imm=0x0000000000000010  target=0x000000000000002c  -> NextPC=0x000000000000002c
  NPC: CBZ   not  Cur=000000000000001c Off=0000000000000010 -> 000000000000002c
NPC DEC: SEQ    PC=0x000000000000001c  Z=0  B=0  CB=1  +4=0x0000000000000020    -> NextPC=0x0000000000000020
  NPC: CBZ   not  Cur=000000000000001c Off=0000000000000010 -> 0000000000000020
PC=000000000000001c  instr=b400008c  opc[31:21]=10110100000
  RF idx: Rn=4  Rm=0  Rt=12
  RF val: A=0000000000000000  B=0000000000000009  (Reg2Loc=1 -> RB=Rt)
  ctrl: Reg2Loc=1 MemR=0 MemW=0 Mem2Reg=0 RegWr=0 Br=1 UBr=0 ALUOp=0111 SignOp=10 ALUSrc=0 IsMovZ=0
  imm=0000000000000010  aluB(sel)=0000000000000009  ALUout=0000000000000009  Zero=0  NextPC=0000000000000020  Mem[R]=0000000000000000
CurrentPC:000000000000001c
NPC DEC: SEQ    PC=0x0000000000000020  Z=0  B=0  CB=1  +4=0x0000000000000024    -> NextPC=0x0000000000000024
  NPC: CBZ   not  Cur=0000000000000020 Off=0000000000000010 -> 0000000000000024
DEC ADD
NPC DEC: SEQ    PC=0x0000000000000020  Z=0  B=0  CB=0  +4=0x0000000000000024    -> NextPC=0x0000000000000024
ALU ADD  A=0000000000000006  B=0000000000000009  -> W=000000000000000f
ALU ADD  A=0000000000000006  B=0000000000000006  -> W=000000000000000c
ALU ADD  A=0000000000000006  B=0000000000000001  -> W=0000000000000007
PC=0000000000000020  instr=8b0901ad  opc[31:21]=10001011000
  RF idx: Rn=13  Rm=9  Rt=13
  RF val: A=0000000000000006  B=0000000000000001  (Reg2Loc=0 -> RB=Rm)
  ctrl: Reg2Loc=0 MemR=0 MemW=0 Mem2Reg=0 RegWr=1 Br=0 UBr=0 ALUOp=0010 SignOp=00 ALUSrc=0 IsMovZ=0
  imm=0000000000000240  aluB(sel)=0000000000000001  ALUout=0000000000000007  Zero=0  NextPC=0000000000000024  Mem[R]=0000000000000000
CurrentPC:0000000000000020
RF  WR: X13 <= 0000000000000007
ALU ADD  A=0000000000000007  B=0000000000000001  -> W=0000000000000008
NPC DEC: SEQ    PC=0x0000000000000024  Z=0  B=0  CB=0  +4=0x0000000000000028    -> NextPC=0x0000000000000028
DEC SUB
ALU SUB  A=0000000000000009  B=0000000000000001  -> W=0000000000000008
PC=0000000000000024  instr=cb09018c  opc[31:21]=11001011000
  RF idx: Rn=12  Rm=9  Rt=12
  RF val: A=0000000000000009  B=0000000000000001  (Reg2Loc=0 -> RB=Rm)
  ctrl: Reg2Loc=0 MemR=0 MemW=0 Mem2Reg=0 RegWr=1 Br=0 UBr=0 ALUOp=0110 SignOp=00 ALUSrc=0 IsMovZ=0
  imm=0000000000000240  aluB(sel)=0000000000000001  ALUout=0000000000000008  Zero=0  NextPC=0000000000000028  Mem[R]=0000000000000000
CurrentPC:0000000000000024
RF  WR: X12 <= 0000000000000008
ALU SUB  A=0000000000000008  B=0000000000000001  -> W=0000000000000007
NPC DEC: SEQ    PC=0x0000000000000028  Z=0  B=0  CB=0  +4=0x000000000000002c    -> NextPC=0x000000000000002c
DEC B
ALU ADD  A=0000000000000000  B=0000000000000001  -> W=0000000000000001
NPC DEC: B      PC=0x0000000000000028  imm=0xfffffffffffffff4  target=0x000000000000001c  -> NextPC=0x000000000000001c
  NPC: B   taken  Cur=0000000000000028 Off=fffffffffffffff4 -> 000000000000001c
ALU ADD  A=0000000000000000  B=0000000000000000  -> W=0000000000000000
NPC DEC: B      PC=0x0000000000000028  imm=0xfffffffffffffff4  target=0x000000000000001c  -> NextPC=0x000000000000001c
  NPC: B   taken  Cur=0000000000000028 Off=fffffffffffffff4 -> 000000000000001c
PC=0000000000000028  instr=17fffffd  opc[31:21]=00010111111
  RF idx: Rn=31  Rm=31  Rt=29
  RF val: A=0000000000000000  B=0000000000000000  (Reg2Loc=0 -> RB=Rm)
  ctrl: Reg2Loc=0 MemR=0 MemW=0 Mem2Reg=0 RegWr=0 Br=0 UBr=1 ALUOp=0010 SignOp=11 ALUSrc=0 IsMovZ=0
  imm=fffffffffffffff4  aluB(sel)=0000000000000000  ALUout=0000000000000000  Zero=1  NextPC=000000000000001c  Mem[R]=0000000000000000
CurrentPC:0000000000000028
NPC DEC: B      PC=0x000000000000001c  imm=0xfffffffffffffff4  target=0x0000000000000010  -> NextPC=0x0000000000000010
  NPC: B   taken  Cur=000000000000001c Off=fffffffffffffff4 -> 0000000000000010
DEC CBZ
NPC DEC: SEQ    PC=0x000000000000001c  Z=1  B=0  CB=1  +4=0x0000000000000020    -> NextPC=0x0000000000000020
  NPC: CBZ taken  Cur=000000000000001c Off=0000000000000010 -> 0000000000000020
ALU PASSB (CBZ chk) B=0000000000000000  Zero?=1
NPC DEC: CB TAK PC=0x000000000000001c  Z=1  imm=0x0000000000000010  target=0x000000000000002c  -> NextPC=0x000000000000002c
  NPC: CBZ taken  Cur=000000000000001c Off=0000000000000010 -> 000000000000002c
ALU PASSB (CBZ chk) B=0000000000000008  Zero?=0
NPC DEC: CB TAK PC=0x000000000000001c  Z=0  imm=0x0000000000000010  target=0x000000000000002c  -> NextPC=0x000000000000002c
  NPC: CBZ   not  Cur=000000000000001c Off=0000000000000010 -> 000000000000002c
NPC DEC: SEQ    PC=0x000000000000001c  Z=0  B=0  CB=1  +4=0x0000000000000020    -> NextPC=0x0000000000000020
  NPC: CBZ   not  Cur=000000000000001c Off=0000000000000010 -> 0000000000000020
PC=000000000000001c  instr=b400008c  opc[31:21]=10110100000
  RF idx: Rn=4  Rm=0  Rt=12
  RF val: A=0000000000000000  B=0000000000000008  (Reg2Loc=1 -> RB=Rt)
  ctrl: Reg2Loc=1 MemR=0 MemW=0 Mem2Reg=0 RegWr=0 Br=1 UBr=0 ALUOp=0111 SignOp=10 ALUSrc=0 IsMovZ=0
  imm=0000000000000010  aluB(sel)=0000000000000008  ALUout=0000000000000008  Zero=0  NextPC=0000000000000020  Mem[R]=0000000000000000
CurrentPC:000000000000001c
NPC DEC: SEQ    PC=0x0000000000000020  Z=0  B=0  CB=1  +4=0x0000000000000024    -> NextPC=0x0000000000000024
  NPC: CBZ   not  Cur=0000000000000020 Off=0000000000000010 -> 0000000000000024
DEC ADD
NPC DEC: SEQ    PC=0x0000000000000020  Z=0  B=0  CB=0  +4=0x0000000000000024    -> NextPC=0x0000000000000024
ALU ADD  A=0000000000000007  B=0000000000000008  -> W=000000000000000f
ALU ADD  A=0000000000000007  B=0000000000000007  -> W=000000000000000e
ALU ADD  A=0000000000000007  B=0000000000000001  -> W=0000000000000008
PC=0000000000000020  instr=8b0901ad  opc[31:21]=10001011000
  RF idx: Rn=13  Rm=9  Rt=13
  RF val: A=0000000000000007  B=0000000000000001  (Reg2Loc=0 -> RB=Rm)
  ctrl: Reg2Loc=0 MemR=0 MemW=0 Mem2Reg=0 RegWr=1 Br=0 UBr=0 ALUOp=0010 SignOp=00 ALUSrc=0 IsMovZ=0
  imm=0000000000000240  aluB(sel)=0000000000000001  ALUout=0000000000000008  Zero=0  NextPC=0000000000000024  Mem[R]=0000000000000000
CurrentPC:0000000000000020
RF  WR: X13 <= 0000000000000008
ALU ADD  A=0000000000000008  B=0000000000000001  -> W=0000000000000009
NPC DEC: SEQ    PC=0x0000000000000024  Z=0  B=0  CB=0  +4=0x0000000000000028    -> NextPC=0x0000000000000028
DEC SUB
ALU SUB  A=0000000000000008  B=0000000000000001  -> W=0000000000000007
PC=0000000000000024  instr=cb09018c  opc[31:21]=11001011000
  RF idx: Rn=12  Rm=9  Rt=12
  RF val: A=0000000000000008  B=0000000000000001  (Reg2Loc=0 -> RB=Rm)
  ctrl: Reg2Loc=0 MemR=0 MemW=0 Mem2Reg=0 RegWr=1 Br=0 UBr=0 ALUOp=0110 SignOp=00 ALUSrc=0 IsMovZ=0
  imm=0000000000000240  aluB(sel)=0000000000000001  ALUout=0000000000000007  Zero=0  NextPC=0000000000000028  Mem[R]=0000000000000000
CurrentPC:0000000000000024
RF  WR: X12 <= 0000000000000007
ALU SUB  A=0000000000000007  B=0000000000000001  -> W=0000000000000006
NPC DEC: SEQ    PC=0x0000000000000028  Z=0  B=0  CB=0  +4=0x000000000000002c    -> NextPC=0x000000000000002c
DEC B
ALU ADD  A=0000000000000000  B=0000000000000001  -> W=0000000000000001
NPC DEC: B      PC=0x0000000000000028  imm=0xfffffffffffffff4  target=0x000000000000001c  -> NextPC=0x000000000000001c
  NPC: B   taken  Cur=0000000000000028 Off=fffffffffffffff4 -> 000000000000001c
ALU ADD  A=0000000000000000  B=0000000000000000  -> W=0000000000000000
NPC DEC: B      PC=0x0000000000000028  imm=0xfffffffffffffff4  target=0x000000000000001c  -> NextPC=0x000000000000001c
  NPC: B   taken  Cur=0000000000000028 Off=fffffffffffffff4 -> 000000000000001c
PC=0000000000000028  instr=17fffffd  opc[31:21]=00010111111
  RF idx: Rn=31  Rm=31  Rt=29
  RF val: A=0000000000000000  B=0000000000000000  (Reg2Loc=0 -> RB=Rm)
  ctrl: Reg2Loc=0 MemR=0 MemW=0 Mem2Reg=0 RegWr=0 Br=0 UBr=1 ALUOp=0010 SignOp=11 ALUSrc=0 IsMovZ=0
  imm=fffffffffffffff4  aluB(sel)=0000000000000000  ALUout=0000000000000000  Zero=1  NextPC=000000000000001c  Mem[R]=0000000000000000
CurrentPC:0000000000000028
NPC DEC: B      PC=0x000000000000001c  imm=0xfffffffffffffff4  target=0x0000000000000010  -> NextPC=0x0000000000000010
  NPC: B   taken  Cur=000000000000001c Off=fffffffffffffff4 -> 0000000000000010
DEC CBZ
NPC DEC: SEQ    PC=0x000000000000001c  Z=1  B=0  CB=1  +4=0x0000000000000020    -> NextPC=0x0000000000000020
  NPC: CBZ taken  Cur=000000000000001c Off=0000000000000010 -> 0000000000000020
ALU PASSB (CBZ chk) B=0000000000000000  Zero?=1
NPC DEC: CB TAK PC=0x000000000000001c  Z=1  imm=0x0000000000000010  target=0x000000000000002c  -> NextPC=0x000000000000002c
  NPC: CBZ taken  Cur=000000000000001c Off=0000000000000010 -> 000000000000002c
ALU PASSB (CBZ chk) B=0000000000000007  Zero?=0
NPC DEC: CB TAK PC=0x000000000000001c  Z=0  imm=0x0000000000000010  target=0x000000000000002c  -> NextPC=0x000000000000002c
  NPC: CBZ   not  Cur=000000000000001c Off=0000000000000010 -> 000000000000002c
NPC DEC: SEQ    PC=0x000000000000001c  Z=0  B=0  CB=1  +4=0x0000000000000020    -> NextPC=0x0000000000000020
  NPC: CBZ   not  Cur=000000000000001c Off=0000000000000010 -> 0000000000000020
PC=000000000000001c  instr=b400008c  opc[31:21]=10110100000
  RF idx: Rn=4  Rm=0  Rt=12
  RF val: A=0000000000000000  B=0000000000000007  (Reg2Loc=1 -> RB=Rt)
  ctrl: Reg2Loc=1 MemR=0 MemW=0 Mem2Reg=0 RegWr=0 Br=1 UBr=0 ALUOp=0111 SignOp=10 ALUSrc=0 IsMovZ=0
  imm=0000000000000010  aluB(sel)=0000000000000007  ALUout=0000000000000007  Zero=0  NextPC=0000000000000020  Mem[R]=0000000000000000
CurrentPC:000000000000001c
NPC DEC: SEQ    PC=0x0000000000000020  Z=0  B=0  CB=1  +4=0x0000000000000024    -> NextPC=0x0000000000000024
  NPC: CBZ   not  Cur=0000000000000020 Off=0000000000000010 -> 0000000000000024
DEC ADD
NPC DEC: SEQ    PC=0x0000000000000020  Z=0  B=0  CB=0  +4=0x0000000000000024    -> NextPC=0x0000000000000024
ALU ADD  A=0000000000000008  B=0000000000000007  -> W=000000000000000f
ALU ADD  A=0000000000000008  B=0000000000000008  -> W=0000000000000010
ALU ADD  A=0000000000000008  B=0000000000000001  -> W=0000000000000009
PC=0000000000000020  instr=8b0901ad  opc[31:21]=10001011000
  RF idx: Rn=13  Rm=9  Rt=13
  RF val: A=0000000000000008  B=0000000000000001  (Reg2Loc=0 -> RB=Rm)
  ctrl: Reg2Loc=0 MemR=0 MemW=0 Mem2Reg=0 RegWr=1 Br=0 UBr=0 ALUOp=0010 SignOp=00 ALUSrc=0 IsMovZ=0
  imm=0000000000000240  aluB(sel)=0000000000000001  ALUout=0000000000000009  Zero=0  NextPC=0000000000000024  Mem[R]=0000000000000000
CurrentPC:0000000000000020
RF  WR: X13 <= 0000000000000009
ALU ADD  A=0000000000000009  B=0000000000000001  -> W=000000000000000a
NPC DEC: SEQ    PC=0x0000000000000024  Z=0  B=0  CB=0  +4=0x0000000000000028    -> NextPC=0x0000000000000028
DEC SUB
ALU SUB  A=0000000000000007  B=0000000000000001  -> W=0000000000000006
PC=0000000000000024  instr=cb09018c  opc[31:21]=11001011000
  RF idx: Rn=12  Rm=9  Rt=12
  RF val: A=0000000000000007  B=0000000000000001  (Reg2Loc=0 -> RB=Rm)
  ctrl: Reg2Loc=0 MemR=0 MemW=0 Mem2Reg=0 RegWr=1 Br=0 UBr=0 ALUOp=0110 SignOp=00 ALUSrc=0 IsMovZ=0
  imm=0000000000000240  aluB(sel)=0000000000000001  ALUout=0000000000000006  Zero=0  NextPC=0000000000000028  Mem[R]=0000000000000000
CurrentPC:0000000000000024
RF  WR: X12 <= 0000000000000006
ALU SUB  A=0000000000000006  B=0000000000000001  -> W=0000000000000005
NPC DEC: SEQ    PC=0x0000000000000028  Z=0  B=0  CB=0  +4=0x000000000000002c    -> NextPC=0x000000000000002c
DEC B
ALU ADD  A=0000000000000000  B=0000000000000001  -> W=0000000000000001
NPC DEC: B      PC=0x0000000000000028  imm=0xfffffffffffffff4  target=0x000000000000001c  -> NextPC=0x000000000000001c
  NPC: B   taken  Cur=0000000000000028 Off=fffffffffffffff4 -> 000000000000001c
ALU ADD  A=0000000000000000  B=0000000000000000  -> W=0000000000000000
NPC DEC: B      PC=0x0000000000000028  imm=0xfffffffffffffff4  target=0x000000000000001c  -> NextPC=0x000000000000001c
  NPC: B   taken  Cur=0000000000000028 Off=fffffffffffffff4 -> 000000000000001c
PC=0000000000000028  instr=17fffffd  opc[31:21]=00010111111
  RF idx: Rn=31  Rm=31  Rt=29
  RF val: A=0000000000000000  B=0000000000000000  (Reg2Loc=0 -> RB=Rm)
  ctrl: Reg2Loc=0 MemR=0 MemW=0 Mem2Reg=0 RegWr=0 Br=0 UBr=1 ALUOp=0010 SignOp=11 ALUSrc=0 IsMovZ=0
  imm=fffffffffffffff4  aluB(sel)=0000000000000000  ALUout=0000000000000000  Zero=1  NextPC=000000000000001c  Mem[R]=0000000000000000
CurrentPC:0000000000000028
NPC DEC: B      PC=0x000000000000001c  imm=0xfffffffffffffff4  target=0x0000000000000010  -> NextPC=0x0000000000000010
  NPC: B   taken  Cur=000000000000001c Off=fffffffffffffff4 -> 0000000000000010
DEC CBZ
NPC DEC: SEQ    PC=0x000000000000001c  Z=1  B=0  CB=1  +4=0x0000000000000020    -> NextPC=0x0000000000000020
  NPC: CBZ taken  Cur=000000000000001c Off=0000000000000010 -> 0000000000000020
ALU PASSB (CBZ chk) B=0000000000000000  Zero?=1
NPC DEC: CB TAK PC=0x000000000000001c  Z=1  imm=0x0000000000000010  target=0x000000000000002c  -> NextPC=0x000000000000002c
  NPC: CBZ taken  Cur=000000000000001c Off=0000000000000010 -> 000000000000002c
ALU PASSB (CBZ chk) B=0000000000000006  Zero?=0
NPC DEC: CB TAK PC=0x000000000000001c  Z=0  imm=0x0000000000000010  target=0x000000000000002c  -> NextPC=0x000000000000002c
  NPC: CBZ   not  Cur=000000000000001c Off=0000000000000010 -> 000000000000002c
NPC DEC: SEQ    PC=0x000000000000001c  Z=0  B=0  CB=1  +4=0x0000000000000020    -> NextPC=0x0000000000000020
  NPC: CBZ   not  Cur=000000000000001c Off=0000000000000010 -> 0000000000000020
PC=000000000000001c  instr=b400008c  opc[31:21]=10110100000
  RF idx: Rn=4  Rm=0  Rt=12
  RF val: A=0000000000000000  B=0000000000000006  (Reg2Loc=1 -> RB=Rt)
  ctrl: Reg2Loc=1 MemR=0 MemW=0 Mem2Reg=0 RegWr=0 Br=1 UBr=0 ALUOp=0111 SignOp=10 ALUSrc=0 IsMovZ=0
  imm=0000000000000010  aluB(sel)=0000000000000006  ALUout=0000000000000006  Zero=0  NextPC=0000000000000020  Mem[R]=0000000000000000
CurrentPC:000000000000001c
NPC DEC: SEQ    PC=0x0000000000000020  Z=0  B=0  CB=1  +4=0x0000000000000024    -> NextPC=0x0000000000000024
  NPC: CBZ   not  Cur=0000000000000020 Off=0000000000000010 -> 0000000000000024
DEC ADD
NPC DEC: SEQ    PC=0x0000000000000020  Z=0  B=0  CB=0  +4=0x0000000000000024    -> NextPC=0x0000000000000024
ALU ADD  A=0000000000000009  B=0000000000000006  -> W=000000000000000f
ALU ADD  A=0000000000000009  B=0000000000000009  -> W=0000000000000012
ALU ADD  A=0000000000000009  B=0000000000000001  -> W=000000000000000a
PC=0000000000000020  instr=8b0901ad  opc[31:21]=10001011000
  RF idx: Rn=13  Rm=9  Rt=13
  RF val: A=0000000000000009  B=0000000000000001  (Reg2Loc=0 -> RB=Rm)
  ctrl: Reg2Loc=0 MemR=0 MemW=0 Mem2Reg=0 RegWr=1 Br=0 UBr=0 ALUOp=0010 SignOp=00 ALUSrc=0 IsMovZ=0
  imm=0000000000000240  aluB(sel)=0000000000000001  ALUout=000000000000000a  Zero=0  NextPC=0000000000000024  Mem[R]=0000000000000000
CurrentPC:0000000000000020
RF  WR: X13 <= 000000000000000a
ALU ADD  A=000000000000000a  B=0000000000000001  -> W=000000000000000b
NPC DEC: SEQ    PC=0x0000000000000024  Z=0  B=0  CB=0  +4=0x0000000000000028    -> NextPC=0x0000000000000028
DEC SUB
ALU SUB  A=0000000000000006  B=0000000000000001  -> W=0000000000000005
PC=0000000000000024  instr=cb09018c  opc[31:21]=11001011000
  RF idx: Rn=12  Rm=9  Rt=12
  RF val: A=0000000000000006  B=0000000000000001  (Reg2Loc=0 -> RB=Rm)
  ctrl: Reg2Loc=0 MemR=0 MemW=0 Mem2Reg=0 RegWr=1 Br=0 UBr=0 ALUOp=0110 SignOp=00 ALUSrc=0 IsMovZ=0
  imm=0000000000000240  aluB(sel)=0000000000000001  ALUout=0000000000000005  Zero=0  NextPC=0000000000000028  Mem[R]=0000000000000000
CurrentPC:0000000000000024
RF  WR: X12 <= 0000000000000005
ALU SUB  A=0000000000000005  B=0000000000000001  -> W=0000000000000004
NPC DEC: SEQ    PC=0x0000000000000028  Z=0  B=0  CB=0  +4=0x000000000000002c    -> NextPC=0x000000000000002c
DEC B
ALU ADD  A=0000000000000000  B=0000000000000001  -> W=0000000000000001
NPC DEC: B      PC=0x0000000000000028  imm=0xfffffffffffffff4  target=0x000000000000001c  -> NextPC=0x000000000000001c
  NPC: B   taken  Cur=0000000000000028 Off=fffffffffffffff4 -> 000000000000001c
ALU ADD  A=0000000000000000  B=0000000000000000  -> W=0000000000000000
NPC DEC: B      PC=0x0000000000000028  imm=0xfffffffffffffff4  target=0x000000000000001c  -> NextPC=0x000000000000001c
  NPC: B   taken  Cur=0000000000000028 Off=fffffffffffffff4 -> 000000000000001c
PC=0000000000000028  instr=17fffffd  opc[31:21]=00010111111
  RF idx: Rn=31  Rm=31  Rt=29
  RF val: A=0000000000000000  B=0000000000000000  (Reg2Loc=0 -> RB=Rm)
  ctrl: Reg2Loc=0 MemR=0 MemW=0 Mem2Reg=0 RegWr=0 Br=0 UBr=1 ALUOp=0010 SignOp=11 ALUSrc=0 IsMovZ=0
  imm=fffffffffffffff4  aluB(sel)=0000000000000000  ALUout=0000000000000000  Zero=1  NextPC=000000000000001c  Mem[R]=0000000000000000
CurrentPC:0000000000000028
NPC DEC: B      PC=0x000000000000001c  imm=0xfffffffffffffff4  target=0x0000000000000010  -> NextPC=0x0000000000000010
  NPC: B   taken  Cur=000000000000001c Off=fffffffffffffff4 -> 0000000000000010
DEC CBZ
NPC DEC: SEQ    PC=0x000000000000001c  Z=1  B=0  CB=1  +4=0x0000000000000020    -> NextPC=0x0000000000000020
  NPC: CBZ taken  Cur=000000000000001c Off=0000000000000010 -> 0000000000000020
ALU PASSB (CBZ chk) B=0000000000000000  Zero?=1
NPC DEC: CB TAK PC=0x000000000000001c  Z=1  imm=0x0000000000000010  target=0x000000000000002c  -> NextPC=0x000000000000002c
  NPC: CBZ taken  Cur=000000000000001c Off=0000000000000010 -> 000000000000002c
ALU PASSB (CBZ chk) B=0000000000000005  Zero?=0
NPC DEC: CB TAK PC=0x000000000000001c  Z=0  imm=0x0000000000000010  target=0x000000000000002c  -> NextPC=0x000000000000002c
  NPC: CBZ   not  Cur=000000000000001c Off=0000000000000010 -> 000000000000002c
NPC DEC: SEQ    PC=0x000000000000001c  Z=0  B=0  CB=1  +4=0x0000000000000020    -> NextPC=0x0000000000000020
  NPC: CBZ   not  Cur=000000000000001c Off=0000000000000010 -> 0000000000000020
PC=000000000000001c  instr=b400008c  opc[31:21]=10110100000
  RF idx: Rn=4  Rm=0  Rt=12
  RF val: A=0000000000000000  B=0000000000000005  (Reg2Loc=1 -> RB=Rt)
  ctrl: Reg2Loc=1 MemR=0 MemW=0 Mem2Reg=0 RegWr=0 Br=1 UBr=0 ALUOp=0111 SignOp=10 ALUSrc=0 IsMovZ=0
  imm=0000000000000010  aluB(sel)=0000000000000005  ALUout=0000000000000005  Zero=0  NextPC=0000000000000020  Mem[R]=0000000000000000
CurrentPC:000000000000001c
NPC DEC: SEQ    PC=0x0000000000000020  Z=0  B=0  CB=1  +4=0x0000000000000024    -> NextPC=0x0000000000000024
  NPC: CBZ   not  Cur=0000000000000020 Off=0000000000000010 -> 0000000000000024
DEC ADD
NPC DEC: SEQ    PC=0x0000000000000020  Z=0  B=0  CB=0  +4=0x0000000000000024    -> NextPC=0x0000000000000024
ALU ADD  A=000000000000000a  B=0000000000000005  -> W=000000000000000f
ALU ADD  A=000000000000000a  B=000000000000000a  -> W=0000000000000014
ALU ADD  A=000000000000000a  B=0000000000000001  -> W=000000000000000b
PC=0000000000000020  instr=8b0901ad  opc[31:21]=10001011000
  RF idx: Rn=13  Rm=9  Rt=13
  RF val: A=000000000000000a  B=0000000000000001  (Reg2Loc=0 -> RB=Rm)
  ctrl: Reg2Loc=0 MemR=0 MemW=0 Mem2Reg=0 RegWr=1 Br=0 UBr=0 ALUOp=0010 SignOp=00 ALUSrc=0 IsMovZ=0
  imm=0000000000000240  aluB(sel)=0000000000000001  ALUout=000000000000000b  Zero=0  NextPC=0000000000000024  Mem[R]=0000000000000000
CurrentPC:0000000000000020
RF  WR: X13 <= 000000000000000b
ALU ADD  A=000000000000000b  B=0000000000000001  -> W=000000000000000c
NPC DEC: SEQ    PC=0x0000000000000024  Z=0  B=0  CB=0  +4=0x0000000000000028    -> NextPC=0x0000000000000028
DEC SUB
ALU SUB  A=0000000000000005  B=0000000000000001  -> W=0000000000000004
PC=0000000000000024  instr=cb09018c  opc[31:21]=11001011000
  RF idx: Rn=12  Rm=9  Rt=12
  RF val: A=0000000000000005  B=0000000000000001  (Reg2Loc=0 -> RB=Rm)
  ctrl: Reg2Loc=0 MemR=0 MemW=0 Mem2Reg=0 RegWr=1 Br=0 UBr=0 ALUOp=0110 SignOp=00 ALUSrc=0 IsMovZ=0
  imm=0000000000000240  aluB(sel)=0000000000000001  ALUout=0000000000000004  Zero=0  NextPC=0000000000000028  Mem[R]=0000000000000000
CurrentPC:0000000000000024
RF  WR: X12 <= 0000000000000004
ALU SUB  A=0000000000000004  B=0000000000000001  -> W=0000000000000003
NPC DEC: SEQ    PC=0x0000000000000028  Z=0  B=0  CB=0  +4=0x000000000000002c    -> NextPC=0x000000000000002c
DEC B
ALU ADD  A=0000000000000000  B=0000000000000001  -> W=0000000000000001
NPC DEC: B      PC=0x0000000000000028  imm=0xfffffffffffffff4  target=0x000000000000001c  -> NextPC=0x000000000000001c
  NPC: B   taken  Cur=0000000000000028 Off=fffffffffffffff4 -> 000000000000001c
ALU ADD  A=0000000000000000  B=0000000000000000  -> W=0000000000000000
NPC DEC: B      PC=0x0000000000000028  imm=0xfffffffffffffff4  target=0x000000000000001c  -> NextPC=0x000000000000001c
  NPC: B   taken  Cur=0000000000000028 Off=fffffffffffffff4 -> 000000000000001c
PC=0000000000000028  instr=17fffffd  opc[31:21]=00010111111
  RF idx: Rn=31  Rm=31  Rt=29
  RF val: A=0000000000000000  B=0000000000000000  (Reg2Loc=0 -> RB=Rm)
  ctrl: Reg2Loc=0 MemR=0 MemW=0 Mem2Reg=0 RegWr=0 Br=0 UBr=1 ALUOp=0010 SignOp=11 ALUSrc=0 IsMovZ=0
  imm=fffffffffffffff4  aluB(sel)=0000000000000000  ALUout=0000000000000000  Zero=1  NextPC=000000000000001c  Mem[R]=0000000000000000
CurrentPC:0000000000000028
NPC DEC: B      PC=0x000000000000001c  imm=0xfffffffffffffff4  target=0x0000000000000010  -> NextPC=0x0000000000000010
  NPC: B   taken  Cur=000000000000001c Off=fffffffffffffff4 -> 0000000000000010
DEC CBZ
NPC DEC: SEQ    PC=0x000000000000001c  Z=1  B=0  CB=1  +4=0x0000000000000020    -> NextPC=0x0000000000000020
  NPC: CBZ taken  Cur=000000000000001c Off=0000000000000010 -> 0000000000000020
ALU PASSB (CBZ chk) B=0000000000000000  Zero?=1
NPC DEC: CB TAK PC=0x000000000000001c  Z=1  imm=0x0000000000000010  target=0x000000000000002c  -> NextPC=0x000000000000002c
  NPC: CBZ taken  Cur=000000000000001c Off=0000000000000010 -> 000000000000002c
ALU PASSB (CBZ chk) B=0000000000000004  Zero?=0
NPC DEC: CB TAK PC=0x000000000000001c  Z=0  imm=0x0000000000000010  target=0x000000000000002c  -> NextPC=0x000000000000002c
  NPC: CBZ   not  Cur=000000000000001c Off=0000000000000010 -> 000000000000002c
NPC DEC: SEQ    PC=0x000000000000001c  Z=0  B=0  CB=1  +4=0x0000000000000020    -> NextPC=0x0000000000000020
  NPC: CBZ   not  Cur=000000000000001c Off=0000000000000010 -> 0000000000000020
PC=000000000000001c  instr=b400008c  opc[31:21]=10110100000
  RF idx: Rn=4  Rm=0  Rt=12
  RF val: A=0000000000000000  B=0000000000000004  (Reg2Loc=1 -> RB=Rt)
  ctrl: Reg2Loc=1 MemR=0 MemW=0 Mem2Reg=0 RegWr=0 Br=1 UBr=0 ALUOp=0111 SignOp=10 ALUSrc=0 IsMovZ=0
  imm=0000000000000010  aluB(sel)=0000000000000004  ALUout=0000000000000004  Zero=0  NextPC=0000000000000020  Mem[R]=0000000000000000
CurrentPC:000000000000001c
NPC DEC: SEQ    PC=0x0000000000000020  Z=0  B=0  CB=1  +4=0x0000000000000024    -> NextPC=0x0000000000000024
  NPC: CBZ   not  Cur=0000000000000020 Off=0000000000000010 -> 0000000000000024
DEC ADD
NPC DEC: SEQ    PC=0x0000000000000020  Z=0  B=0  CB=0  +4=0x0000000000000024    -> NextPC=0x0000000000000024
ALU ADD  A=000000000000000b  B=0000000000000004  -> W=000000000000000f
ALU ADD  A=000000000000000b  B=000000000000000b  -> W=0000000000000016
ALU ADD  A=000000000000000b  B=0000000000000001  -> W=000000000000000c
PC=0000000000000020  instr=8b0901ad  opc[31:21]=10001011000
  RF idx: Rn=13  Rm=9  Rt=13
  RF val: A=000000000000000b  B=0000000000000001  (Reg2Loc=0 -> RB=Rm)
  ctrl: Reg2Loc=0 MemR=0 MemW=0 Mem2Reg=0 RegWr=1 Br=0 UBr=0 ALUOp=0010 SignOp=00 ALUSrc=0 IsMovZ=0
  imm=0000000000000240  aluB(sel)=0000000000000001  ALUout=000000000000000c  Zero=0  NextPC=0000000000000024  Mem[R]=0000000000000000
CurrentPC:0000000000000020
RF  WR: X13 <= 000000000000000c
ALU ADD  A=000000000000000c  B=0000000000000001  -> W=000000000000000d
NPC DEC: SEQ    PC=0x0000000000000024  Z=0  B=0  CB=0  +4=0x0000000000000028    -> NextPC=0x0000000000000028
DEC SUB
ALU SUB  A=0000000000000004  B=0000000000000001  -> W=0000000000000003
PC=0000000000000024  instr=cb09018c  opc[31:21]=11001011000
  RF idx: Rn=12  Rm=9  Rt=12
  RF val: A=0000000000000004  B=0000000000000001  (Reg2Loc=0 -> RB=Rm)
  ctrl: Reg2Loc=0 MemR=0 MemW=0 Mem2Reg=0 RegWr=1 Br=0 UBr=0 ALUOp=0110 SignOp=00 ALUSrc=0 IsMovZ=0
  imm=0000000000000240  aluB(sel)=0000000000000001  ALUout=0000000000000003  Zero=0  NextPC=0000000000000028  Mem[R]=0000000000000000
CurrentPC:0000000000000024
RF  WR: X12 <= 0000000000000003
ALU SUB  A=0000000000000003  B=0000000000000001  -> W=0000000000000002
NPC DEC: SEQ    PC=0x0000000000000028  Z=0  B=0  CB=0  +4=0x000000000000002c    -> NextPC=0x000000000000002c
DEC B
ALU ADD  A=0000000000000000  B=0000000000000001  -> W=0000000000000001
NPC DEC: B      PC=0x0000000000000028  imm=0xfffffffffffffff4  target=0x000000000000001c  -> NextPC=0x000000000000001c
  NPC: B   taken  Cur=0000000000000028 Off=fffffffffffffff4 -> 000000000000001c
ALU ADD  A=0000000000000000  B=0000000000000000  -> W=0000000000000000
NPC DEC: B      PC=0x0000000000000028  imm=0xfffffffffffffff4  target=0x000000000000001c  -> NextPC=0x000000000000001c
  NPC: B   taken  Cur=0000000000000028 Off=fffffffffffffff4 -> 000000000000001c
PC=0000000000000028  instr=17fffffd  opc[31:21]=00010111111
  RF idx: Rn=31  Rm=31  Rt=29
  RF val: A=0000000000000000  B=0000000000000000  (Reg2Loc=0 -> RB=Rm)
  ctrl: Reg2Loc=0 MemR=0 MemW=0 Mem2Reg=0 RegWr=0 Br=0 UBr=1 ALUOp=0010 SignOp=11 ALUSrc=0 IsMovZ=0
  imm=fffffffffffffff4  aluB(sel)=0000000000000000  ALUout=0000000000000000  Zero=1  NextPC=000000000000001c  Mem[R]=0000000000000000
CurrentPC:0000000000000028
NPC DEC: B      PC=0x000000000000001c  imm=0xfffffffffffffff4  target=0x0000000000000010  -> NextPC=0x0000000000000010
  NPC: B   taken  Cur=000000000000001c Off=fffffffffffffff4 -> 0000000000000010
DEC CBZ
NPC DEC: SEQ    PC=0x000000000000001c  Z=1  B=0  CB=1  +4=0x0000000000000020    -> NextPC=0x0000000000000020
  NPC: CBZ taken  Cur=000000000000001c Off=0000000000000010 -> 0000000000000020
ALU PASSB (CBZ chk) B=0000000000000000  Zero?=1
NPC DEC: CB TAK PC=0x000000000000001c  Z=1  imm=0x0000000000000010  target=0x000000000000002c  -> NextPC=0x000000000000002c
  NPC: CBZ taken  Cur=000000000000001c Off=0000000000000010 -> 000000000000002c
ALU PASSB (CBZ chk) B=0000000000000003  Zero?=0
NPC DEC: CB TAK PC=0x000000000000001c  Z=0  imm=0x0000000000000010  target=0x000000000000002c  -> NextPC=0x000000000000002c
  NPC: CBZ   not  Cur=000000000000001c Off=0000000000000010 -> 000000000000002c
NPC DEC: SEQ    PC=0x000000000000001c  Z=0  B=0  CB=1  +4=0x0000000000000020    -> NextPC=0x0000000000000020
  NPC: CBZ   not  Cur=000000000000001c Off=0000000000000010 -> 0000000000000020
PC=000000000000001c  instr=b400008c  opc[31:21]=10110100000
  RF idx: Rn=4  Rm=0  Rt=12
  RF val: A=0000000000000000  B=0000000000000003  (Reg2Loc=1 -> RB=Rt)
  ctrl: Reg2Loc=1 MemR=0 MemW=0 Mem2Reg=0 RegWr=0 Br=1 UBr=0 ALUOp=0111 SignOp=10 ALUSrc=0 IsMovZ=0
  imm=0000000000000010  aluB(sel)=0000000000000003  ALUout=0000000000000003  Zero=0  NextPC=0000000000000020  Mem[R]=0000000000000000
CurrentPC:000000000000001c
NPC DEC: SEQ    PC=0x0000000000000020  Z=0  B=0  CB=1  +4=0x0000000000000024    -> NextPC=0x0000000000000024
  NPC: CBZ   not  Cur=0000000000000020 Off=0000000000000010 -> 0000000000000024
DEC ADD
NPC DEC: SEQ    PC=0x0000000000000020  Z=0  B=0  CB=0  +4=0x0000000000000024    -> NextPC=0x0000000000000024
ALU ADD  A=000000000000000c  B=0000000000000003  -> W=000000000000000f
ALU ADD  A=000000000000000c  B=000000000000000c  -> W=0000000000000018
ALU ADD  A=000000000000000c  B=0000000000000001  -> W=000000000000000d
PC=0000000000000020  instr=8b0901ad  opc[31:21]=10001011000
  RF idx: Rn=13  Rm=9  Rt=13
  RF val: A=000000000000000c  B=0000000000000001  (Reg2Loc=0 -> RB=Rm)
  ctrl: Reg2Loc=0 MemR=0 MemW=0 Mem2Reg=0 RegWr=1 Br=0 UBr=0 ALUOp=0010 SignOp=00 ALUSrc=0 IsMovZ=0
  imm=0000000000000240  aluB(sel)=0000000000000001  ALUout=000000000000000d  Zero=0  NextPC=0000000000000024  Mem[R]=0000000000000000
CurrentPC:0000000000000020
RF  WR: X13 <= 000000000000000d
ALU ADD  A=000000000000000d  B=0000000000000001  -> W=000000000000000e
NPC DEC: SEQ    PC=0x0000000000000024  Z=0  B=0  CB=0  +4=0x0000000000000028    -> NextPC=0x0000000000000028
DEC SUB
ALU SUB  A=0000000000000003  B=0000000000000001  -> W=0000000000000002
PC=0000000000000024  instr=cb09018c  opc[31:21]=11001011000
  RF idx: Rn=12  Rm=9  Rt=12
  RF val: A=0000000000000003  B=0000000000000001  (Reg2Loc=0 -> RB=Rm)
  ctrl: Reg2Loc=0 MemR=0 MemW=0 Mem2Reg=0 RegWr=1 Br=0 UBr=0 ALUOp=0110 SignOp=00 ALUSrc=0 IsMovZ=0
  imm=0000000000000240  aluB(sel)=0000000000000001  ALUout=0000000000000002  Zero=0  NextPC=0000000000000028  Mem[R]=0000000000000000
CurrentPC:0000000000000024
RF  WR: X12 <= 0000000000000002
ALU SUB  A=0000000000000002  B=0000000000000001  -> W=0000000000000001
NPC DEC: SEQ    PC=0x0000000000000028  Z=0  B=0  CB=0  +4=0x000000000000002c    -> NextPC=0x000000000000002c
DEC B
ALU ADD  A=0000000000000000  B=0000000000000001  -> W=0000000000000001
NPC DEC: B      PC=0x0000000000000028  imm=0xfffffffffffffff4  target=0x000000000000001c  -> NextPC=0x000000000000001c
  NPC: B   taken  Cur=0000000000000028 Off=fffffffffffffff4 -> 000000000000001c
ALU ADD  A=0000000000000000  B=0000000000000000  -> W=0000000000000000
NPC DEC: B      PC=0x0000000000000028  imm=0xfffffffffffffff4  target=0x000000000000001c  -> NextPC=0x000000000000001c
  NPC: B   taken  Cur=0000000000000028 Off=fffffffffffffff4 -> 000000000000001c
PC=0000000000000028  instr=17fffffd  opc[31:21]=00010111111
  RF idx: Rn=31  Rm=31  Rt=29
  RF val: A=0000000000000000  B=0000000000000000  (Reg2Loc=0 -> RB=Rm)
  ctrl: Reg2Loc=0 MemR=0 MemW=0 Mem2Reg=0 RegWr=0 Br=0 UBr=1 ALUOp=0010 SignOp=11 ALUSrc=0 IsMovZ=0
  imm=fffffffffffffff4  aluB(sel)=0000000000000000  ALUout=0000000000000000  Zero=1  NextPC=000000000000001c  Mem[R]=0000000000000000
CurrentPC:0000000000000028
NPC DEC: B      PC=0x000000000000001c  imm=0xfffffffffffffff4  target=0x0000000000000010  -> NextPC=0x0000000000000010
  NPC: B   taken  Cur=000000000000001c Off=fffffffffffffff4 -> 0000000000000010
DEC CBZ
NPC DEC: SEQ    PC=0x000000000000001c  Z=1  B=0  CB=1  +4=0x0000000000000020    -> NextPC=0x0000000000000020
  NPC: CBZ taken  Cur=000000000000001c Off=0000000000000010 -> 0000000000000020
ALU PASSB (CBZ chk) B=0000000000000000  Zero?=1
NPC DEC: CB TAK PC=0x000000000000001c  Z=1  imm=0x0000000000000010  target=0x000000000000002c  -> NextPC=0x000000000000002c
  NPC: CBZ taken  Cur=000000000000001c Off=0000000000000010 -> 000000000000002c
ALU PASSB (CBZ chk) B=0000000000000002  Zero?=0
NPC DEC: CB TAK PC=0x000000000000001c  Z=0  imm=0x0000000000000010  target=0x000000000000002c  -> NextPC=0x000000000000002c
  NPC: CBZ   not  Cur=000000000000001c Off=0000000000000010 -> 000000000000002c
NPC DEC: SEQ    PC=0x000000000000001c  Z=0  B=0  CB=1  +4=0x0000000000000020    -> NextPC=0x0000000000000020
  NPC: CBZ   not  Cur=000000000000001c Off=0000000000000010 -> 0000000000000020
PC=000000000000001c  instr=b400008c  opc[31:21]=10110100000
  RF idx: Rn=4  Rm=0  Rt=12
  RF val: A=0000000000000000  B=0000000000000002  (Reg2Loc=1 -> RB=Rt)
  ctrl: Reg2Loc=1 MemR=0 MemW=0 Mem2Reg=0 RegWr=0 Br=1 UBr=0 ALUOp=0111 SignOp=10 ALUSrc=0 IsMovZ=0
  imm=0000000000000010  aluB(sel)=0000000000000002  ALUout=0000000000000002  Zero=0  NextPC=0000000000000020  Mem[R]=0000000000000000
CurrentPC:000000000000001c
NPC DEC: SEQ    PC=0x0000000000000020  Z=0  B=0  CB=1  +4=0x0000000000000024    -> NextPC=0x0000000000000024
  NPC: CBZ   not  Cur=0000000000000020 Off=0000000000000010 -> 0000000000000024
DEC ADD
NPC DEC: SEQ    PC=0x0000000000000020  Z=0  B=0  CB=0  +4=0x0000000000000024    -> NextPC=0x0000000000000024
ALU ADD  A=000000000000000d  B=0000000000000002  -> W=000000000000000f
ALU ADD  A=000000000000000d  B=000000000000000d  -> W=000000000000001a
ALU ADD  A=000000000000000d  B=0000000000000001  -> W=000000000000000e
PC=0000000000000020  instr=8b0901ad  opc[31:21]=10001011000
  RF idx: Rn=13  Rm=9  Rt=13
  RF val: A=000000000000000d  B=0000000000000001  (Reg2Loc=0 -> RB=Rm)
  ctrl: Reg2Loc=0 MemR=0 MemW=0 Mem2Reg=0 RegWr=1 Br=0 UBr=0 ALUOp=0010 SignOp=00 ALUSrc=0 IsMovZ=0
  imm=0000000000000240  aluB(sel)=0000000000000001  ALUout=000000000000000e  Zero=0  NextPC=0000000000000024  Mem[R]=0000000000000000
CurrentPC:0000000000000020
RF  WR: X13 <= 000000000000000e
ALU ADD  A=000000000000000e  B=0000000000000001  -> W=000000000000000f
NPC DEC: SEQ    PC=0x0000000000000024  Z=0  B=0  CB=0  +4=0x0000000000000028    -> NextPC=0x0000000000000028
DEC SUB
ALU SUB  A=0000000000000002  B=0000000000000001  -> W=0000000000000001
PC=0000000000000024  instr=cb09018c  opc[31:21]=11001011000
  RF idx: Rn=12  Rm=9  Rt=12
  RF val: A=0000000000000002  B=0000000000000001  (Reg2Loc=0 -> RB=Rm)
  ctrl: Reg2Loc=0 MemR=0 MemW=0 Mem2Reg=0 RegWr=1 Br=0 UBr=0 ALUOp=0110 SignOp=00 ALUSrc=0 IsMovZ=0
  imm=0000000000000240  aluB(sel)=0000000000000001  ALUout=0000000000000001  Zero=0  NextPC=0000000000000028  Mem[R]=0000000000000000
CurrentPC:0000000000000024
RF  WR: X12 <= 0000000000000001
ALU SUB  A=0000000000000001  B=0000000000000001  -> W=0000000000000000
NPC DEC: SEQ    PC=0x0000000000000024  Z=1  B=0  CB=0  +4=0x0000000000000028    -> NextPC=0x0000000000000028
NPC DEC: SEQ    PC=0x0000000000000028  Z=1  B=0  CB=0  +4=0x000000000000002c    -> NextPC=0x000000000000002c
DEC B
ALU ADD  A=0000000000000000  B=0000000000000001  -> W=0000000000000001
NPC DEC: B      PC=0x0000000000000028  imm=0xfffffffffffffff4  target=0x000000000000001c  -> NextPC=0x000000000000001c
  NPC: B   taken  Cur=0000000000000028 Off=fffffffffffffff4 -> 000000000000001c
ALU ADD  A=0000000000000000  B=0000000000000000  -> W=0000000000000000
NPC DEC: B      PC=0x0000000000000028  imm=0xfffffffffffffff4  target=0x000000000000001c  -> NextPC=0x000000000000001c
  NPC: B   taken  Cur=0000000000000028 Off=fffffffffffffff4 -> 000000000000001c
PC=0000000000000028  instr=17fffffd  opc[31:21]=00010111111
  RF idx: Rn=31  Rm=31  Rt=29
  RF val: A=0000000000000000  B=0000000000000000  (Reg2Loc=0 -> RB=Rm)
  ctrl: Reg2Loc=0 MemR=0 MemW=0 Mem2Reg=0 RegWr=0 Br=0 UBr=1 ALUOp=0010 SignOp=11 ALUSrc=0 IsMovZ=0
  imm=fffffffffffffff4  aluB(sel)=0000000000000000  ALUout=0000000000000000  Zero=1  NextPC=000000000000001c  Mem[R]=0000000000000000
CurrentPC:0000000000000028
NPC DEC: B      PC=0x000000000000001c  imm=0xfffffffffffffff4  target=0x0000000000000010  -> NextPC=0x0000000000000010
  NPC: B   taken  Cur=000000000000001c Off=fffffffffffffff4 -> 0000000000000010
DEC CBZ
NPC DEC: SEQ    PC=0x000000000000001c  Z=1  B=0  CB=1  +4=0x0000000000000020    -> NextPC=0x0000000000000020
  NPC: CBZ taken  Cur=000000000000001c Off=0000000000000010 -> 0000000000000020
ALU PASSB (CBZ chk) B=0000000000000000  Zero?=1
NPC DEC: CB TAK PC=0x000000000000001c  Z=1  imm=0x0000000000000010  target=0x000000000000002c  -> NextPC=0x000000000000002c
  NPC: CBZ taken  Cur=000000000000001c Off=0000000000000010 -> 000000000000002c
ALU PASSB (CBZ chk) B=0000000000000001  Zero?=0
NPC DEC: CB TAK PC=0x000000000000001c  Z=0  imm=0x0000000000000010  target=0x000000000000002c  -> NextPC=0x000000000000002c
  NPC: CBZ   not  Cur=000000000000001c Off=0000000000000010 -> 000000000000002c
NPC DEC: SEQ    PC=0x000000000000001c  Z=0  B=0  CB=1  +4=0x0000000000000020    -> NextPC=0x0000000000000020
  NPC: CBZ   not  Cur=000000000000001c Off=0000000000000010 -> 0000000000000020
PC=000000000000001c  instr=b400008c  opc[31:21]=10110100000
  RF idx: Rn=4  Rm=0  Rt=12
  RF val: A=0000000000000000  B=0000000000000001  (Reg2Loc=1 -> RB=Rt)
  ctrl: Reg2Loc=1 MemR=0 MemW=0 Mem2Reg=0 RegWr=0 Br=1 UBr=0 ALUOp=0111 SignOp=10 ALUSrc=0 IsMovZ=0
  imm=0000000000000010  aluB(sel)=0000000000000001  ALUout=0000000000000001  Zero=0  NextPC=0000000000000020  Mem[R]=0000000000000000
CurrentPC:000000000000001c
NPC DEC: SEQ    PC=0x0000000000000020  Z=0  B=0  CB=1  +4=0x0000000000000024    -> NextPC=0x0000000000000024
  NPC: CBZ   not  Cur=0000000000000020 Off=0000000000000010 -> 0000000000000024
DEC ADD
NPC DEC: SEQ    PC=0x0000000000000020  Z=0  B=0  CB=0  +4=0x0000000000000024    -> NextPC=0x0000000000000024
ALU ADD  A=000000000000000e  B=0000000000000001  -> W=000000000000000f
ALU ADD  A=000000000000000e  B=000000000000000e  -> W=000000000000001c
ALU ADD  A=000000000000000e  B=0000000000000001  -> W=000000000000000f
PC=0000000000000020  instr=8b0901ad  opc[31:21]=10001011000
  RF idx: Rn=13  Rm=9  Rt=13
  RF val: A=000000000000000e  B=0000000000000001  (Reg2Loc=0 -> RB=Rm)
  ctrl: Reg2Loc=0 MemR=0 MemW=0 Mem2Reg=0 RegWr=1 Br=0 UBr=0 ALUOp=0010 SignOp=00 ALUSrc=0 IsMovZ=0
  imm=0000000000000240  aluB(sel)=0000000000000001  ALUout=000000000000000f  Zero=0  NextPC=0000000000000024  Mem[R]=0000000000000000
CurrentPC:0000000000000020
RF  WR: X13 <= 000000000000000f
ALU ADD  A=000000000000000f  B=0000000000000001  -> W=0000000000000010
NPC DEC: SEQ    PC=0x0000000000000024  Z=0  B=0  CB=0  +4=0x0000000000000028    -> NextPC=0x0000000000000028
DEC SUB
ALU SUB  A=0000000000000001  B=0000000000000001  -> W=0000000000000000
NPC DEC: SEQ    PC=0x0000000000000024  Z=1  B=0  CB=0  +4=0x0000000000000028    -> NextPC=0x0000000000000028
PC=0000000000000024  instr=cb09018c  opc[31:21]=11001011000
  RF idx: Rn=12  Rm=9  Rt=12
  RF val: A=0000000000000001  B=0000000000000001  (Reg2Loc=0 -> RB=Rm)
  ctrl: Reg2Loc=0 MemR=0 MemW=0 Mem2Reg=0 RegWr=1 Br=0 UBr=0 ALUOp=0110 SignOp=00 ALUSrc=0 IsMovZ=0
  imm=0000000000000240  aluB(sel)=0000000000000001  ALUout=0000000000000000  Zero=1  NextPC=0000000000000028  Mem[R]=0000000000000000
CurrentPC:0000000000000024
RF  WR: X12 <= 0000000000000000
ALU SUB  A=0000000000000000  B=0000000000000001  -> W=ffffffffffffffff
NPC DEC: SEQ    PC=0x0000000000000024  Z=0  B=0  CB=0  +4=0x0000000000000028    -> NextPC=0x0000000000000028
NPC DEC: SEQ    PC=0x0000000000000028  Z=0  B=0  CB=0  +4=0x000000000000002c    -> NextPC=0x000000000000002c
DEC B
ALU ADD  A=0000000000000000  B=0000000000000001  -> W=0000000000000001
NPC DEC: B      PC=0x0000000000000028  imm=0xfffffffffffffff4  target=0x000000000000001c  -> NextPC=0x000000000000001c
  NPC: B   taken  Cur=0000000000000028 Off=fffffffffffffff4 -> 000000000000001c
ALU ADD  A=0000000000000000  B=0000000000000000  -> W=0000000000000000
NPC DEC: B      PC=0x0000000000000028  imm=0xfffffffffffffff4  target=0x000000000000001c  -> NextPC=0x000000000000001c
  NPC: B   taken  Cur=0000000000000028 Off=fffffffffffffff4 -> 000000000000001c
PC=0000000000000028  instr=17fffffd  opc[31:21]=00010111111
  RF idx: Rn=31  Rm=31  Rt=29
  RF val: A=0000000000000000  B=0000000000000000  (Reg2Loc=0 -> RB=Rm)
  ctrl: Reg2Loc=0 MemR=0 MemW=0 Mem2Reg=0 RegWr=0 Br=0 UBr=1 ALUOp=0010 SignOp=11 ALUSrc=0 IsMovZ=0
  imm=fffffffffffffff4  aluB(sel)=0000000000000000  ALUout=0000000000000000  Zero=1  NextPC=000000000000001c  Mem[R]=0000000000000000
CurrentPC:0000000000000028
NPC DEC: B      PC=0x000000000000001c  imm=0xfffffffffffffff4  target=0x0000000000000010  -> NextPC=0x0000000000000010
  NPC: B   taken  Cur=000000000000001c Off=fffffffffffffff4 -> 0000000000000010
DEC CBZ
NPC DEC: SEQ    PC=0x000000000000001c  Z=1  B=0  CB=1  +4=0x0000000000000020    -> NextPC=0x0000000000000020
  NPC: CBZ taken  Cur=000000000000001c Off=0000000000000010 -> 0000000000000020
ALU PASSB (CBZ chk) B=0000000000000000  Zero?=1
NPC DEC: CB TAK PC=0x000000000000001c  Z=1  imm=0x0000000000000010  target=0x000000000000002c  -> NextPC=0x000000000000002c
  NPC: CBZ taken  Cur=000000000000001c Off=0000000000000010 -> 000000000000002c
PC=000000000000001c  instr=b400008c  opc[31:21]=10110100000
  RF idx: Rn=4  Rm=0  Rt=12
  RF val: A=0000000000000000  B=0000000000000000  (Reg2Loc=1 -> RB=Rt)
  ctrl: Reg2Loc=1 MemR=0 MemW=0 Mem2Reg=0 RegWr=0 Br=1 UBr=0 ALUOp=0111 SignOp=10 ALUSrc=0 IsMovZ=0
  imm=0000000000000010  aluB(sel)=0000000000000000  ALUout=0000000000000000  Zero=1  NextPC=000000000000002c  Mem[R]=0000000000000000
CurrentPC:000000000000001c
NPC DEC: CB TAK PC=0x000000000000002c  Z=1  imm=0x0000000000000010  target=0x000000000000003c  -> NextPC=0x000000000000003c
  NPC: CBZ taken  Cur=000000000000002c Off=0000000000000010 -> 000000000000003c
DEC STUR
NPC DEC: CB TAK PC=0x000000000000002c  Z=1  imm=0x0000000000000020  target=0x000000000000004c  -> NextPC=0x000000000000003c
ALU ADD  A=0000000000000000  B=0000000000000000  -> W=0000000000000000
NPC DEC: SEQ    PC=0x000000000000002c  Z=1  B=0  CB=0  +4=0x0000000000000030    -> NextPC=0x0000000000000030
ALU ADD  A=0000000000000000  B=0000000000000020  -> W=0000000000000020
NPC DEC: SEQ    PC=0x000000000000002c  Z=0  B=0  CB=0  +4=0x0000000000000030    -> NextPC=0x0000000000000030
PC=000000000000002c  instr=f80203ed  opc[31:21]=11111000000
  RF idx: Rn=31  Rm=2  Rt=13
  RF val: A=0000000000000000  B=000000000000000f  (Reg2Loc=1 -> RB=Rt)
  ctrl: Reg2Loc=1 MemR=0 MemW=1 Mem2Reg=0 RegWr=0 Br=0 UBr=0 ALUOp=0010 SignOp=01 ALUSrc=1 IsMovZ=0
  imm=0000000000000020  aluB(sel)=0000000000000020  ALUout=0000000000000020  Zero=0  NextPC=0000000000000030  Mem[R]=0000000000000000
CurrentPC:000000000000002c
DMEM WR  [0x0000000000000020] <= 000000000000000f
NPC DEC: SEQ    PC=0x0000000000000030  Z=0  B=0  CB=0  +4=0x0000000000000034    -> NextPC=0x0000000000000034
DEC LDUR
DMEM RD  [0x0000000000000020] -> 000000000000000f
PC=0000000000000030  instr=f84203ed  opc[31:21]=11111000010
  RF idx: Rn=31  Rm=2  Rt=13
  RF val: A=0000000000000000  B=0000000000000000  (Reg2Loc=0 -> RB=Rm)
  ctrl: Reg2Loc=0 MemR=1 MemW=0 Mem2Reg=1 RegWr=1 Br=0 UBr=0 ALUOp=0010 SignOp=01 ALUSrc=1 IsMovZ=0
  imm=0000000000000020  aluB(sel)=0000000000000020  ALUout=0000000000000020  Zero=0  NextPC=0000000000000034  Mem[R]=000000000000000f
CurrentPC:0000000000000030
RF  WR: X13 <= 000000000000000f
NPC DEC: SEQ    PC=0x0000000000000034  Z=0  B=0  CB=0  +4=0x0000000000000038    -> NextPC=0x0000000000000038
DEC MOVZ
ALU PASSB (CBZ chk) B=1234000000000000  Zero?=0
NPC DEC: SEQ    PC=0x0000000000000034  Z=0  B=0  CB=0  +4=0x0000000000000038    -> NextPC=0x0000000000000038
PC=0000000000000034  instr=d2e24689  opc[31:21]=11010010111
  RF idx: Rn=20  Rm=2  Rt=9
  RF val: A=0000000000000000  B=0000000000000000  (Reg2Loc=0 -> RB=Rm)
  ctrl: Reg2Loc=0 MemR=0 MemW=0 Mem2Reg=0 RegWr=1 Br=0 UBr=0 ALUOp=0111 SignOp=00 ALUSrc=1 IsMovZ=1
  imm=1234000000000000  aluB(sel)=1234000000000000  ALUout=1234000000000000  Zero=0  NextPC=0000000000000038  Mem[R]=0000000000000000

--- Checking              Results of Program 1 ---
Expected: 0x000000000000000f
Actual:   0x000000000000000f
             Results of Program 1 passed

RF  WR: X9 <= 1234000000000000
NPC DEC: SEQ    PC=0x0000000000000038  Z=0  B=0  CB=0  +4=0x000000000000003c    -> NextPC=0x000000000000003c
DEC MOVZ
ALU PASSB (CBZ chk) B=0000567800000000  Zero?=0
NPC DEC: SEQ    PC=0x0000000000000038  Z=0  B=0  CB=0  +4=0x000000000000003c    -> NextPC=0x000000000000003c

=== START PROGRAM 2 @PC=0x0034 ===
PC=0000000000000038  instr=d2cacf0a  opc[31:21]=11010010110
  RF idx: Rn=24  Rm=10  Rt=10
  RF val: A=0000000000000000  B=000000000000000f  (Reg2Loc=0 -> RB=Rm)
  ctrl: Reg2Loc=0 MemR=0 MemW=0 Mem2Reg=0 RegWr=1 Br=0 UBr=0 ALUOp=0111 SignOp=00 ALUSrc=1 IsMovZ=1
  imm=0000567800000000  aluB(sel)=0000567800000000  ALUout=0000567800000000  Zero=0  NextPC=000000000000003c  Mem[R]=0000000000000000
RF  WR: X10 <= 0000567800000000
NPC DEC: SEQ    PC=0x0000000000000034  Z=0  B=0  CB=0  +4=0x0000000000000038    -> NextPC=0x0000000000000038
DEC MOVZ
ALU PASSB (CBZ chk) B=1234000000000000  Zero?=0
NPC DEC: SEQ    PC=0x0000000000000034  Z=0  B=0  CB=0  +4=0x0000000000000038    -> NextPC=0x0000000000000038
PC=0000000000000034  instr=d2e24689  opc[31:21]=11010010111
  RF idx: Rn=20  Rm=2  Rt=9
  RF val: A=0000000000000000  B=0000000000000000  (Reg2Loc=0 -> RB=Rm)
  ctrl: Reg2Loc=0 MemR=0 MemW=0 Mem2Reg=0 RegWr=1 Br=0 UBr=0 ALUOp=0111 SignOp=00 ALUSrc=1 IsMovZ=1
  imm=1234000000000000  aluB(sel)=1234000000000000  ALUout=1234000000000000  Zero=0  NextPC=0000000000000038  Mem[R]=0000000000000000
CurrentPC:0000000000000034
RF  WR: X9 <= 1234000000000000
NPC DEC: SEQ    PC=0x0000000000000038  Z=0  B=0  CB=0  +4=0x000000000000003c    -> NextPC=0x000000000000003c
DEC MOVZ
ALU PASSB (CBZ chk) B=0000567800000000  Zero?=0
NPC DEC: SEQ    PC=0x0000000000000038  Z=0  B=0  CB=0  +4=0x000000000000003c    -> NextPC=0x000000000000003c
PC=0000000000000038  instr=d2cacf0a  opc[31:21]=11010010110
  RF idx: Rn=24  Rm=10  Rt=10
  RF val: A=0000000000000000  B=0000567800000000  (Reg2Loc=0 -> RB=Rm)
  ctrl: Reg2Loc=0 MemR=0 MemW=0 Mem2Reg=0 RegWr=1 Br=0 UBr=0 ALUOp=0111 SignOp=00 ALUSrc=1 IsMovZ=1
  imm=0000567800000000  aluB(sel)=0000567800000000  ALUout=0000567800000000  Zero=0  NextPC=000000000000003c  Mem[R]=0000000000000000
CurrentPC:0000000000000038
RF  WR: X10 <= 0000567800000000
NPC DEC: SEQ    PC=0x000000000000003c  Z=0  B=0  CB=0  +4=0x0000000000000040    -> NextPC=0x0000000000000040
DEC ORR
ALU OR   A=1234000000000000  B=0000567800000000  -> W=1234567800000000
NPC DEC: SEQ    PC=0x000000000000003c  Z=0  B=0  CB=0  +4=0x0000000000000040    -> NextPC=0x0000000000000040
PC=000000000000003c  instr=aa0a0129  opc[31:21]=10101010000
  RF idx: Rn=9  Rm=10  Rt=9
  RF val: A=1234000000000000  B=0000567800000000  (Reg2Loc=0 -> RB=Rm)
  ctrl: Reg2Loc=0 MemR=0 MemW=0 Mem2Reg=0 RegWr=1 Br=0 UBr=0 ALUOp=0001 SignOp=00 ALUSrc=0 IsMovZ=0
  imm=0000000000000280  aluB(sel)=0000567800000000  ALUout=1234567800000000  Zero=0  NextPC=0000000000000040  Mem[R]=0000000000000000
CurrentPC:000000000000003c
RF  WR: X9 <= 1234567800000000
ALU OR   A=1234567800000000  B=0000567800000000  -> W=1234567800000000
NPC DEC: SEQ    PC=0x0000000000000040  Z=0  B=0  CB=0  +4=0x0000000000000044    -> NextPC=0x0000000000000044
DEC MOVZ
ALU PASSB (CBZ chk) B=0000567800000000  Zero?=0
NPC DEC: SEQ    PC=0x0000000000000040  Z=0  B=0  CB=0  +4=0x0000000000000044    -> NextPC=0x0000000000000044
ALU PASSB (CBZ chk) B=000000009abc0000  Zero?=0
PC=0000000000000040  instr=d2b3578a  opc[31:21]=11010010101
  RF idx: Rn=28  Rm=19  Rt=10
  RF val: A=0000000000000000  B=0000000000000000  (Reg2Loc=0 -> RB=Rm)
  ctrl: Reg2Loc=0 MemR=0 MemW=0 Mem2Reg=0 RegWr=1 Br=0 UBr=0 ALUOp=0111 SignOp=00 ALUSrc=1 IsMovZ=1
  imm=000000009abc0000  aluB(sel)=000000009abc0000  ALUout=000000009abc0000  Zero=0  NextPC=0000000000000044  Mem[R]=0000000000000000
CurrentPC:0000000000000040
RF  WR: X10 <= 000000009abc0000
NPC DEC: SEQ    PC=0x0000000000000044  Z=0  B=0  CB=0  +4=0x0000000000000048    -> NextPC=0x0000000000000048
DEC ORR
ALU OR   A=1234567800000000  B=0000000000000000  -> W=1234567800000000
NPC DEC: SEQ    PC=0x0000000000000044  Z=0  B=0  CB=0  +4=0x0000000000000048    -> NextPC=0x0000000000000048
ALU OR   A=1234567800000000  B=000000009abc0000  -> W=123456789abc0000
PC=0000000000000044  instr=aa0a0129  opc[31:21]=10101010000
  RF idx: Rn=9  Rm=10  Rt=9
  RF val: A=1234567800000000  B=000000009abc0000  (Reg2Loc=0 -> RB=Rm)
  ctrl: Reg2Loc=0 MemR=0 MemW=0 Mem2Reg=0 RegWr=1 Br=0 UBr=0 ALUOp=0001 SignOp=00 ALUSrc=0 IsMovZ=0
  imm=0000000000000280  aluB(sel)=000000009abc0000  ALUout=123456789abc0000  Zero=0  NextPC=0000000000000048  Mem[R]=0000000000000000
CurrentPC:0000000000000044
RF  WR: X9 <= 123456789abc0000
ALU OR   A=123456789abc0000  B=000000009abc0000  -> W=123456789abc0000
NPC DEC: SEQ    PC=0x0000000000000048  Z=0  B=0  CB=0  +4=0x000000000000004c    -> NextPC=0x000000000000004c
DEC MOVZ
ALU PASSB (CBZ chk) B=000000009abc0000  Zero?=0
NPC DEC: SEQ    PC=0x0000000000000048  Z=0  B=0  CB=0  +4=0x000000000000004c    -> NextPC=0x000000000000004c
ALU PASSB (CBZ chk) B=000000000000def0  Zero?=0
PC=0000000000000048  instr=d29bde0a  opc[31:21]=11010010100
  RF idx: Rn=16  Rm=27  Rt=10
  RF val: A=0000000000000000  B=0000000000000000  (Reg2Loc=0 -> RB=Rm)
  ctrl: Reg2Loc=0 MemR=0 MemW=0 Mem2Reg=0 RegWr=1 Br=0 UBr=0 ALUOp=0111 SignOp=00 ALUSrc=1 IsMovZ=1
  imm=000000000000def0  aluB(sel)=000000000000def0  ALUout=000000000000def0  Zero=0  NextPC=000000000000004c  Mem[R]=0000000000000000
CurrentPC:0000000000000048
RF  WR: X10 <= 000000000000def0
NPC DEC: SEQ    PC=0x000000000000004c  Z=0  B=0  CB=0  +4=0x0000000000000050    -> NextPC=0x0000000000000050
DEC ORR
ALU OR   A=123456789abc0000  B=0000000000000000  -> W=123456789abc0000
NPC DEC: SEQ    PC=0x000000000000004c  Z=0  B=0  CB=0  +4=0x0000000000000050    -> NextPC=0x0000000000000050
ALU OR   A=123456789abc0000  B=000000000000def0  -> W=123456789abcdef0
PC=000000000000004c  instr=aa0a0129  opc[31:21]=10101010000
  RF idx: Rn=9  Rm=10  Rt=9
  RF val: A=123456789abc0000  B=000000000000def0  (Reg2Loc=0 -> RB=Rm)
  ctrl: Reg2Loc=0 MemR=0 MemW=0 Mem2Reg=0 RegWr=1 Br=0 UBr=0 ALUOp=0001 SignOp=00 ALUSrc=0 IsMovZ=0
  imm=0000000000000280  aluB(sel)=000000000000def0  ALUout=123456789abcdef0  Zero=0  NextPC=0000000000000050  Mem[R]=0000000000000000
CurrentPC:000000000000004c
RF  WR: X9 <= 123456789abcdef0
ALU OR   A=123456789abcdef0  B=000000000000def0  -> W=123456789abcdef0
NPC DEC: SEQ    PC=0x0000000000000050  Z=0  B=0  CB=0  +4=0x0000000000000054    -> NextPC=0x0000000000000054
DEC STUR
ALU ADD  A=0000000000000000  B=000000000000def0  -> W=000000000000def0
NPC DEC: SEQ    PC=0x0000000000000050  Z=0  B=0  CB=0  +4=0x0000000000000054    -> NextPC=0x0000000000000054
ALU ADD  A=0000000000000000  B=0000000000000028  -> W=0000000000000028
PC=0000000000000050  instr=f80283e9  opc[31:21]=11111000000
  RF idx: Rn=31  Rm=2  Rt=9
  RF val: A=0000000000000000  B=123456789abcdef0  (Reg2Loc=1 -> RB=Rt)
  ctrl: Reg2Loc=1 MemR=0 MemW=1 Mem2Reg=0 RegWr=0 Br=0 UBr=0 ALUOp=0010 SignOp=01 ALUSrc=1 IsMovZ=0
  imm=0000000000000028  aluB(sel)=0000000000000028  ALUout=0000000000000028  Zero=0  NextPC=0000000000000054  Mem[R]=0000000000000000
CurrentPC:0000000000000050
DMEM WR  [0x0000000000000028] <= 123456789abcdef0
NPC DEC: SEQ    PC=0x0000000000000054  Z=0  B=0  CB=0  +4=0x0000000000000058    -> NextPC=0x0000000000000058
DEC LDUR
DMEM RD  [0x0000000000000028] -> 123456789abcdef0
PC=0000000000000054  instr=f84283ea  opc[31:21]=11111000010
  RF idx: Rn=31  Rm=2  Rt=10
  RF val: A=0000000000000000  B=0000000000000000  (Reg2Loc=0 -> RB=Rm)
  ctrl: Reg2Loc=0 MemR=1 MemW=0 Mem2Reg=1 RegWr=1 Br=0 UBr=0 ALUOp=0010 SignOp=01 ALUSrc=1 IsMovZ=0
  imm=0000000000000028  aluB(sel)=0000000000000028  ALUout=0000000000000028  Zero=0  NextPC=0000000000000058  Mem[R]=123456789abcdef0
CurrentPC:0000000000000054
RF  WR: X10 <= 123456789abcdef0
NPC DEC: SEQ    PC=0x0000000000000058  Z=0  B=0  CB=0  +4=0x000000000000005c    -> NextPC=0x000000000000005c
DEC other: xxxxxxxxxxx
NPC DEC: SEQ    PC=0x0000000000000058  Z=0  B=0  CB=0  +4=0x000000000000005c    -> NextPC=0x000000000000005c
ALU ADD  A=XXXXXXXXXXXXXXx0  B=0000000000000000  -> W=xxxxxxxxxxxxxxxx
ALU ADD  A=XXXXXXXXXXXXXXx0  B=XXXXXXXXXXXXXXx0  -> W=xxxxxxxxxxxxxxxx
PC=0000000000000058  instr=xxxxxxxx  opc[31:21]=xxxxxxxxxxx
  RF idx: Rn=x  Rm=x  Rt=x
  RF val: A=XXXXXXXXXXXXXXx0  B=XXXXXXXXXXXXXXx0  (Reg2Loc=0 -> RB=Rm)
  ctrl: Reg2Loc=0 MemR=0 MemW=0 Mem2Reg=0 RegWr=0 Br=0 UBr=0 ALUOp=0010 SignOp=00 ALUSrc=0 IsMovZ=0
  imm=0000000000000xxx  aluB(sel)=XXXXXXXXXXXXXXx0  ALUout=xxxxxxxxxxxxxxxx  Zero=0  NextPC=000000000000005c  Mem[R]=0000000000000000

--- Checking  s of Program 2 (MOVZ build/load) ---
Expected: 0x123456789abcdef0
Actual:   0x123456789abcdef0
 s of Program 2 (MOVZ build/load) passed

All tests passed
SingleCycleProcTest.v:131: $finish called at 9960000 (1ps)
