#! /opt/homebrew/Cellar/icarus-verilog/12.0/bin/vvp
:ivl_version "12.0 (stable)";
:ivl_delay_selection "TYPICAL";
:vpi_time_precision - 12;
:vpi_module "/opt/homebrew/Cellar/icarus-verilog/12.0/lib/ivl/system.vpi";
:vpi_module "/opt/homebrew/Cellar/icarus-verilog/12.0/lib/ivl/vhdl_sys.vpi";
:vpi_module "/opt/homebrew/Cellar/icarus-verilog/12.0/lib/ivl/vhdl_textio.vpi";
:vpi_module "/opt/homebrew/Cellar/icarus-verilog/12.0/lib/ivl/v2005_math.vpi";
:vpi_module "/opt/homebrew/Cellar/icarus-verilog/12.0/lib/ivl/va_math.vpi";
:vpi_module "/opt/homebrew/Cellar/icarus-verilog/12.0/lib/ivl/v2009.vpi";
S_0x11d61bdd0 .scope package, "$unit" "$unit" 2 1;
 .timescale 0 0;
S_0x11d61ad30 .scope module, "SingleCycleProcTest_v" "SingleCycleProcTest_v" 3 7;
 .timescale -9 -12;
v0x600001637960_0 .var "CLK", 0 0;
v0x6000016379f0_0 .net "MemtoRegOut", 63 0, L_0x600001531a40;  1 drivers
v0x600001637a80_0 .var "Reset", 0 0;
v0x600001637b10_0 .net "currentPC", 63 0, v0x600001636fd0_0;  1 drivers
v0x600001637ba0_0 .var "passed", 7 0;
v0x600001637c30_0 .var "prevM2R", 63 0;
v0x600001637cc0_0 .var "startPC", 63 0;
v0x600001637d50_0 .var "watchdog", 15 0;
S_0x11d61a3a0 .scope task, "allPassed" "allPassed" 3 31, 3 31 0, S_0x11d61ad30;
 .timescale -9 -12;
v0x600001632fd0_0 .var "numTests", 7 0;
v0x600001633060_0 .var "passed", 7 0;
TD_SingleCycleProcTest_v.allPassed ;
    %load/vec4 v0x600001633060_0;
    %load/vec4 v0x600001632fd0_0;
    %cmp/e;
    %jmp/0xz  T_0.0, 4;
    %vpi_call/w 3 35 "$display", "All tests passed" {0 0 0};
    %jmp T_0.1;
T_0.0 ;
    %vpi_call/w 3 37 "$display", "Some tests failed: %0d of %0d passed", v0x600001633060_0, v0x600001632fd0_0 {0 0 0};
T_0.1 ;
    %end;
S_0x11d61a6d0 .scope task, "passTest" "passTest" 3 14, 3 14 0, S_0x11d61ad30;
 .timescale -9 -12;
v0x6000016330f0_0 .var "actualOut", 63 0;
v0x600001633180_0 .var "expectedOut", 63 0;
v0x600001633210_0 .var "passed", 7 0;
v0x6000016332a0_0 .var "testType", 256 0;
TD_SingleCycleProcTest_v.passTest ;
    %vpi_call/w 3 19 "$display", "\012--- Checking %s ---", v0x6000016332a0_0 {0 0 0};
    %vpi_call/w 3 20 "$display", "Expected: 0x%016h", v0x600001633180_0 {0 0 0};
    %vpi_call/w 3 21 "$display", "Actual:   0x%016h", v0x6000016330f0_0 {0 0 0};
    %load/vec4 v0x6000016330f0_0;
    %load/vec4 v0x600001633180_0;
    %cmp/e;
    %jmp/0xz  T_1.2, 6;
    %vpi_call/w 3 23 "$display", "%s passed\012", v0x6000016332a0_0 {0 0 0};
    %load/vec4 v0x600001633210_0;
    %addi 1, 0, 8;
    %store/vec4 v0x600001633210_0, 0, 8;
    %jmp T_1.3;
T_1.2 ;
    %vpi_call/w 3 26 "$display", "%s failed\012", v0x6000016332a0_0 {0 0 0};
T_1.3 ;
    %end;
S_0x11d61c490 .scope task, "step" "step" 3 61, 3 61 0, S_0x11d61ad30;
 .timescale -9 -12;
E_0x60000313e6c0 .event negedge, v0x600001633e70_0;
E_0x60000313e700 .event posedge, v0x600001633e70_0;
TD_SingleCycleProcTest_v.step ;
    %wait E_0x60000313e700;
    %wait E_0x60000313e6c0;
    %end;
S_0x11d61c600 .scope module, "uut" "singlecycle" 3 52, 4 146 0, S_0x11d61ad30;
 .timescale -9 -12;
    .port_info 0 /INPUT 1 "reset";
    .port_info 1 /INPUT 64 "startpc";
    .port_info 2 /OUTPUT 64 "currentpc";
    .port_info 3 /OUTPUT 64 "MemtoRegOut";
    .port_info 4 /INPUT 1 "CLK";
v0x600001637600_0 .net "CLK", 0 0, v0x600001637960_0;  1 drivers
v0x600001637690_0 .net "MemtoRegOut", 63 0, L_0x600001531a40;  alias, 1 drivers
v0x600001637720_0 .net "currentpc", 63 0, v0x600001636fd0_0;  alias, 1 drivers
v0x6000016377b0_0 .net "reset", 0 0, v0x600001637a80_0;  1 drivers
v0x600001637840_0 .net "startpc", 63 0, v0x600001637cc0_0;  1 drivers
S_0x11d606150 .scope module, "DUT" "SingleCycleProc" 4 153, 4 3 0, S_0x11d61c600;
 .timescale -9 -12;
    .port_info 0 /INPUT 1 "reset";
    .port_info 1 /INPUT 64 "startpc";
    .port_info 2 /OUTPUT 64 "currentpc";
    .port_info 3 /OUTPUT 64 "MemtoRegOut";
    .port_info 4 /INPUT 1 "CLK";
v0x6000016365b0_0 .net "ALUOp", 3 0, v0x600001633690_0;  1 drivers
v0x600001636640_0 .net "ALUSrc", 0 0, v0x600001633720_0;  1 drivers
v0x6000016366d0_0 .net "Branch", 0 0, v0x6000016337b0_0;  1 drivers
v0x600001636760_0 .net "CLK", 0 0, v0x600001637960_0;  alias, 1 drivers
v0x6000016367f0_0 .net "IsMovZ", 0 0, v0x600001633840_0;  1 drivers
v0x600001636880_0 .net "MemRead", 0 0, v0x6000016338d0_0;  1 drivers
v0x600001636910_0 .net "MemWrite", 0 0, v0x600001633960_0;  1 drivers
v0x6000016369a0_0 .net "MemtoReg", 0 0, v0x6000016339f0_0;  1 drivers
v0x600001636a30_0 .net "MemtoRegOut", 63 0, L_0x600001531a40;  alias, 1 drivers
v0x600001636ac0_0 .net "Reg2Loc", 0 0, v0x600001633a80_0;  1 drivers
v0x600001636b50_0 .net "RegWrite", 0 0, v0x600001633b10_0;  1 drivers
v0x600001636be0_0 .net "Rm", 4 0, L_0x600001530c80;  1 drivers
v0x600001636c70_0 .net "Rn", 4 0, L_0x600001530be0;  1 drivers
v0x600001636d00_0 .net "Rt", 4 0, L_0x600001530d20;  1 drivers
v0x600001636d90_0 .net "SignOp", 1 0, v0x600001633ba0_0;  1 drivers
v0x600001636e20_0 .net "Uncondbranch", 0 0, v0x600001633c30_0;  1 drivers
v0x600001636eb0_0 .net "aluB", 63 0, L_0x600001531680;  1 drivers
v0x600001636f40_0 .net "aluout", 63 0, v0x6000016334e0_0;  1 drivers
v0x600001636fd0_0 .var "currentpc", 63 0;
v0x600001637060_0 .net "extimm", 63 0, v0x600001636130_0;  1 drivers
v0x6000016370f0_0 .net "instruction", 31 0, v0x600001634630_0;  1 drivers
v0x600001637180_0 .net "nextpc", 63 0, v0x600001634a20_0;  1 drivers
v0x600001637210_0 .net "opcode", 10 0, L_0x6000015303c0;  1 drivers
v0x6000016372a0_0 .net "readdata", 63 0, L_0x6000015319a0;  1 drivers
v0x600001637330_0 .net "regoutA", 63 0, L_0x600001531040;  1 drivers
v0x6000016373c0_0 .net "regoutB", 63 0, L_0x600001531180;  1 drivers
v0x600001637450_0 .net "reset", 0 0, v0x600001637a80_0;  alias, 1 drivers
v0x6000016374e0_0 .net "startpc", 63 0, v0x600001637cc0_0;  alias, 1 drivers
v0x600001637570_0 .net "zero", 0 0, L_0x600001531720;  1 drivers
L_0x600001530d20 .part v0x600001634630_0, 0, 5;
L_0x600001530be0 .part v0x600001634630_0, 5, 5;
L_0x600001530c80 .part v0x600001634630_0, 16, 5;
L_0x6000015303c0 .part v0x600001634630_0, 21, 11;
L_0x600001531220 .functor MUXZ 5, L_0x600001530c80, L_0x600001530d20, v0x600001633a80_0, C4<>;
L_0x6000015315e0 .part v0x600001634630_0, 0, 26;
L_0x600001531680 .functor MUXZ 64, L_0x600001531180, v0x600001636130_0, v0x600001633720_0, C4<>;
L_0x600001531a40 .functor MUXZ 64, v0x6000016334e0_0, L_0x6000015319a0, v0x6000016339f0_0, C4<>;
S_0x11d6062c0 .scope module, "alu" "ALU" 4 99, 5 3 0, S_0x11d606150;
 .timescale -9 -12;
    .port_info 0 /OUTPUT 64 "BusW";
    .port_info 1 /INPUT 64 "BusA";
    .port_info 2 /INPUT 64 "BusB";
    .port_info 3 /INPUT 4 "ALUCtrl";
    .port_info 4 /OUTPUT 1 "Zero";
P_0x11d6170c0 .param/l "ALU_ADD" 1 5 12, C4<0010>;
P_0x11d617100 .param/l "ALU_AND" 1 5 10, C4<0000>;
P_0x11d617140 .param/l "ALU_ORR" 1 5 11, C4<0001>;
P_0x11d617180 .param/l "ALU_PASSB" 1 5 14, C4<0111>;
P_0x11d6171c0 .param/l "ALU_SUB" 1 5 13, C4<0110>;
v0x600001633330_0 .net "ALUCtrl", 3 0, v0x600001633690_0;  alias, 1 drivers
v0x6000016333c0_0 .net "BusA", 63 0, L_0x600001531040;  alias, 1 drivers
v0x600001633450_0 .net "BusB", 63 0, L_0x600001531680;  alias, 1 drivers
v0x6000016334e0_0 .var "BusW", 63 0;
v0x600001633570_0 .net "Zero", 0 0, L_0x600001531720;  alias, 1 drivers
L_0x1200880e8 .functor BUFT 1, C4<0000000000000000000000000000000000000000000000000000000000000000>, C4<0>, C4<0>, C4<0>;
v0x600001633600_0 .net/2u *"_ivl_0", 63 0, L_0x1200880e8;  1 drivers
E_0x60000313e880/0 .event anyedge, v0x600001633330_0, v0x6000016333c0_0, v0x600001633450_0, v0x6000016334e0_0;
E_0x60000313e880/1 .event anyedge, v0x600001633570_0;
E_0x60000313e880 .event/or E_0x60000313e880/0, E_0x60000313e880/1;
E_0x60000313e8c0 .event anyedge, v0x600001633330_0, v0x6000016333c0_0, v0x600001633450_0;
L_0x600001531720 .cmp/eeq 64, v0x6000016334e0_0, L_0x1200880e8;
S_0x11d60a6d0 .scope module, "control" "SC_Control" 4 60, 6 24 0, S_0x11d606150;
 .timescale -9 -12;
    .port_info 0 /OUTPUT 1 "Reg2Loc";
    .port_info 1 /OUTPUT 1 "ALUSrc";
    .port_info 2 /OUTPUT 1 "MemtoReg";
    .port_info 3 /OUTPUT 1 "RegWrite";
    .port_info 4 /OUTPUT 1 "MemRead";
    .port_info 5 /OUTPUT 1 "MemWrite";
    .port_info 6 /OUTPUT 1 "Branch";
    .port_info 7 /OUTPUT 1 "Uncondbranch";
    .port_info 8 /OUTPUT 4 "ALUOp";
    .port_info 9 /OUTPUT 2 "SignOp";
    .port_info 10 /OUTPUT 1 "IsMovZ";
    .port_info 11 /INPUT 11 "opcode";
P_0x11d6081b0 .param/l "ALU_ADD" 1 6 41, C4<0010>;
P_0x11d6081f0 .param/l "ALU_AND" 1 6 39, C4<0000>;
P_0x11d608230 .param/l "ALU_ORR" 1 6 40, C4<0001>;
P_0x11d608270 .param/l "ALU_PASSB" 1 6 43, C4<0111>;
P_0x11d6082b0 .param/l "ALU_SUB" 1 6 42, C4<0110>;
P_0x11d6082f0 .param/l "S_B" 1 6 49, C4<11>;
P_0x11d608330 .param/l "S_CB" 1 6 48, C4<10>;
P_0x11d608370 .param/l "S_D" 1 6 47, C4<01>;
P_0x11d6083b0 .param/l "S_I" 1 6 46, C4<00>;
v0x600001633690_0 .var "ALUOp", 3 0;
v0x600001633720_0 .var "ALUSrc", 0 0;
v0x6000016337b0_0 .var "Branch", 0 0;
v0x600001633840_0 .var "IsMovZ", 0 0;
v0x6000016338d0_0 .var "MemRead", 0 0;
v0x600001633960_0 .var "MemWrite", 0 0;
v0x6000016339f0_0 .var "MemtoReg", 0 0;
v0x600001633a80_0 .var "Reg2Loc", 0 0;
v0x600001633b10_0 .var "RegWrite", 0 0;
v0x600001633ba0_0 .var "SignOp", 1 0;
v0x600001633c30_0 .var "Uncondbranch", 0 0;
v0x600001633cc0_0 .net "opcode", 10 0, L_0x6000015303c0;  alias, 1 drivers
E_0x60000313eb80 .event anyedge, v0x600001633cc0_0;
S_0x11d60a840 .scope module, "dmem" "DataMemory" 4 108, 7 3 0, S_0x11d606150;
 .timescale -9 -12;
    .port_info 0 /OUTPUT 64 "ReadData";
    .port_info 1 /INPUT 64 "Address";
    .port_info 2 /INPUT 64 "WriteData";
    .port_info 3 /INPUT 1 "MemoryRead";
    .port_info 4 /INPUT 1 "MemoryWrite";
    .port_info 5 /INPUT 1 "Clock";
v0x600001633de0_0 .net "Address", 63 0, v0x6000016334e0_0;  alias, 1 drivers
v0x600001633e70_0 .net "Clock", 0 0, v0x600001637960_0;  alias, 1 drivers
v0x600001633f00_0 .net "MemoryRead", 0 0, v0x6000016338d0_0;  alias, 1 drivers
v0x600001634000_0 .net "MemoryWrite", 0 0, v0x600001633960_0;  alias, 1 drivers
v0x600001634090_0 .net "ReadData", 63 0, L_0x6000015319a0;  alias, 1 drivers
v0x600001634120_0 .net "WriteData", 63 0, L_0x600001531180;  alias, 1 drivers
v0x6000016341b0_0 .net *"_ivl_2", 63 0, L_0x600001531860;  1 drivers
v0x600001634240_0 .net *"_ivl_4", 9 0, L_0x600001531900;  1 drivers
L_0x120088130 .functor BUFT 1, C4<00>, C4<0>, C4<0>, C4<0>;
v0x6000016342d0_0 .net *"_ivl_7", 1 0, L_0x120088130;  1 drivers
L_0x120088178 .functor BUFT 1, C4<0000000000000000000000000000000000000000000000000000000000000000>, C4<0>, C4<0>, C4<0>;
v0x600001634360_0 .net/2u *"_ivl_8", 63 0, L_0x120088178;  1 drivers
v0x6000016343f0_0 .var/i "i", 31 0;
v0x600001634480_0 .net "idx", 7 0, L_0x6000015317c0;  1 drivers
v0x600001634510 .array "mem", 255 0, 63 0;
E_0x60000313ebc0 .event anyedge, v0x6000016338d0_0, v0x6000016334e0_0, v0x600001634090_0;
L_0x6000015317c0 .part v0x6000016334e0_0, 3, 8;
L_0x600001531860 .array/port v0x600001634510, L_0x600001531900;
L_0x600001531900 .concat [ 8 2 0 0], L_0x6000015317c0, L_0x120088130;
L_0x6000015319a0 .functor MUXZ 64, L_0x120088178, L_0x600001531860, v0x6000016338d0_0, C4<>;
S_0x11d608a90 .scope module, "imem" "InstructionMemory" 4 54, 8 7 0, S_0x11d606150;
 .timescale -9 -12;
    .port_info 0 /OUTPUT 32 "Data";
    .port_info 1 /INPUT 64 "Address";
P_0x600000a34b00 .param/l "MemSize" 0 8 9, +C4<00000000000000000000000000101000>;
P_0x600000a34b40 .param/l "T_rd" 0 8 8, +C4<00000000000000000000000000010100>;
v0x6000016345a0_0 .net "Address", 63 0, v0x600001636fd0_0;  alias, 1 drivers
v0x600001634630_0 .var "Data", 31 0;
E_0x60000313ec80 .event anyedge, v0x6000016345a0_0;
S_0x11d608c00 .scope module, "npc" "NextPClogic" 4 121, 9 3 0, S_0x11d606150;
 .timescale -9 -12;
    .port_info 0 /OUTPUT 64 "NextPC";
    .port_info 1 /INPUT 64 "CurrentPC";
    .port_info 2 /INPUT 64 "SignExtImm64";
    .port_info 3 /INPUT 1 "Branch";
    .port_info 4 /INPUT 1 "ALUZero";
    .port_info 5 /INPUT 1 "Uncondbranch";
L_0x600000f34150 .functor AND 1, v0x6000016337b0_0, L_0x600001531c20, C4<1>, C4<1>;
v0x600001634750_0 .net "ALUZero", 0 0, L_0x600001531720;  alias, 1 drivers
v0x6000016347e0_0 .net "Branch", 0 0, v0x6000016337b0_0;  alias, 1 drivers
v0x600001634870_0 .net "BranchPC", 63 0, L_0x600001531b80;  1 drivers
v0x600001634900_0 .net "CurPCInc", 63 0, L_0x600001531ae0;  1 drivers
v0x600001634990_0 .net "CurrentPC", 63 0, v0x600001636fd0_0;  alias, 1 drivers
v0x600001634a20_0 .var "NextPC", 63 0;
v0x600001634ab0_0 .net "SignExtImm64", 63 0, v0x600001636130_0;  alias, 1 drivers
v0x600001634b40_0 .net "Uncondbranch", 0 0, v0x600001633c30_0;  alias, 1 drivers
L_0x1200881c0 .functor BUFT 1, C4<0000000000000000000000000000000000000000000000000000000000000100>, C4<0>, C4<0>, C4<0>;
v0x600001634bd0_0 .net/2u *"_ivl_0", 63 0, L_0x1200881c0;  1 drivers
L_0x120088208 .functor BUFT 1, C4<1>, C4<0>, C4<0>, C4<0>;
v0x600001634c60_0 .net/2u *"_ivl_6", 0 0, L_0x120088208;  1 drivers
v0x600001634cf0_0 .net *"_ivl_8", 0 0, L_0x600001531c20;  1 drivers
v0x600001634d80_0 .net "take_cond_branch", 0 0, L_0x600000f34150;  1 drivers
E_0x60000313ed00/0 .event anyedge, v0x600001633c30_0, v0x6000016345a0_0, v0x600001634ab0_0, v0x600001634a20_0;
E_0x60000313ed00/1 .event anyedge, v0x6000016337b0_0, v0x600001633570_0;
E_0x60000313ed00 .event/or E_0x60000313ed00/0, E_0x60000313ed00/1;
E_0x60000313ed40/0 .event anyedge, v0x6000016337b0_0, v0x600001633570_0, v0x600001633c30_0, v0x6000016345a0_0;
E_0x60000313ed40/1 .event anyedge, v0x600001634ab0_0, v0x600001634870_0, v0x600001634a20_0, v0x600001634d80_0;
E_0x60000313ed40/2 .event anyedge, v0x600001634900_0;
E_0x60000313ed40 .event/or E_0x60000313ed40/0, E_0x60000313ed40/1, E_0x60000313ed40/2;
E_0x60000313ed80 .event anyedge, v0x600001634900_0, v0x600001633c30_0, v0x600001634870_0, v0x600001634d80_0;
L_0x600001531ae0 .arith/sum 64, v0x600001636fd0_0, L_0x1200881c0;
L_0x600001531b80 .arith/sum 64, v0x600001636fd0_0, v0x600001636130_0;
L_0x600001531c20 .cmp/eeq 1, L_0x600001531720, L_0x120088208;
S_0x11d6076f0 .scope module, "rf" "RegisterFile" 4 76, 10 3 0, S_0x11d606150;
 .timescale -9 -12;
    .port_info 0 /OUTPUT 64 "BusA";
    .port_info 1 /OUTPUT 64 "BusB";
    .port_info 2 /INPUT 64 "BusW";
    .port_info 3 /INPUT 5 "RA";
    .port_info 4 /INPUT 5 "RB";
    .port_info 5 /INPUT 5 "RW";
    .port_info 6 /INPUT 1 "RegWr";
    .port_info 7 /INPUT 1 "Clk";
L_0x600000f34cb0 .functor AND 1, v0x600001633b10_0, L_0x6000015306e0, C4<1>, C4<1>;
L_0x600000f34d20 .functor AND 1, L_0x600000f34cb0, L_0x600001530820, C4<1>, C4<1>;
L_0x600000f34540 .functor AND 1, L_0x600000f34d20, L_0x600001530dc0, C4<1>, C4<1>;
L_0x600000f345b0 .functor AND 1, v0x600001635dd0_0, L_0x600001530fa0, C4<1>, C4<1>;
L_0x600000f348c0 .functor AND 1, v0x600001635dd0_0, L_0x6000015310e0, C4<1>, C4<1>;
v0x600001634f30_0 .net "BusA", 63 0, L_0x600001531040;  alias, 1 drivers
v0x600001634fc0_0 .net "BusB", 63 0, L_0x600001531180;  alias, 1 drivers
v0x600001635050_0 .net "BusW", 63 0, L_0x600001531a40;  alias, 1 drivers
v0x6000016350e0_0 .net "Clk", 0 0, v0x600001637960_0;  alias, 1 drivers
v0x600001635170_0 .net "RA", 4 0, L_0x600001530be0;  alias, 1 drivers
v0x600001635200_0 .net "RB", 4 0, L_0x600001531220;  1 drivers
v0x600001635290_0 .net "RW", 4 0, L_0x600001530d20;  alias, 1 drivers
v0x600001635320_0 .net "RegWr", 0 0, v0x600001633b10_0;  alias, 1 drivers
v0x6000016353b0_0 .net *"_ivl_1", 0 0, L_0x600001530460;  1 drivers
v0x600001635440_0 .net *"_ivl_10", 0 0, L_0x600001530820;  1 drivers
v0x6000016354d0_0 .net *"_ivl_13", 0 0, L_0x600000f34d20;  1 drivers
v0x600001635560_0 .net *"_ivl_15", 0 0, L_0x6000015301e0;  1 drivers
L_0x1200880a0 .functor BUFT 1, C4<x>, C4<0>, C4<0>, C4<0>;
v0x6000016355f0_0 .net *"_ivl_16", 0 0, L_0x1200880a0;  1 drivers
v0x600001635680_0 .net *"_ivl_18", 0 0, L_0x600001530dc0;  1 drivers
L_0x120088010 .functor BUFT 1, C4<x>, C4<0>, C4<0>, C4<0>;
v0x600001635710_0 .net *"_ivl_2", 0 0, L_0x120088010;  1 drivers
v0x6000016357a0_0 .net *"_ivl_26", 0 0, L_0x600001530fa0;  1 drivers
v0x600001635830_0 .net *"_ivl_29", 0 0, L_0x600000f345b0;  1 drivers
v0x6000016358c0_0 .net *"_ivl_32", 0 0, L_0x6000015310e0;  1 drivers
v0x600001635950_0 .net *"_ivl_35", 0 0, L_0x600000f348c0;  1 drivers
v0x6000016359e0_0 .net *"_ivl_4", 0 0, L_0x6000015306e0;  1 drivers
v0x600001635a70_0 .net *"_ivl_7", 0 0, L_0x600000f34cb0;  1 drivers
L_0x120088058 .functor BUFT 1, C4<11111>, C4<0>, C4<0>, C4<0>;
v0x600001635b00_0 .net/2u *"_ivl_8", 4 0, L_0x120088058;  1 drivers
v0x600001635b90_0 .net "cur_we_ok", 0 0, L_0x600000f34540;  1 drivers
v0x600001635c20_0 .var/i "i", 31 0;
v0x600001635cb0_0 .var "prev_rw", 4 0;
v0x600001635d40_0 .var "prev_wdata", 63 0;
v0x600001635dd0_0 .var "prev_we", 0 0;
v0x600001635e60_0 .net "readA_raw", 63 0, L_0x600001530e60;  1 drivers
v0x600001635ef0_0 .net "readB_raw", 63 0, L_0x600001530f00;  1 drivers
v0x600001635f80 .array "regs", 30 0, 63 0;
L_0x600001530460 .reduce/xor L_0x600001530d20;
L_0x6000015306e0 .cmp/nee 1, L_0x600001530460, L_0x120088010;
L_0x600001530820 .cmp/ne 5, L_0x600001530d20, L_0x120088058;
L_0x6000015301e0 .reduce/xor L_0x600001531a40;
L_0x600001530dc0 .cmp/nee 1, L_0x6000015301e0, L_0x1200880a0;
L_0x600001530e60 .ufunc/vec4 TD_SingleCycleProcTest_v.uut.DUT.rf.rread, 64, L_0x600001530be0 (v0x600001634e10_0) S_0x11d607860;
L_0x600001530f00 .ufunc/vec4 TD_SingleCycleProcTest_v.uut.DUT.rf.rread, 64, L_0x600001531220 (v0x600001634e10_0) S_0x11d607860;
L_0x600001530fa0 .cmp/eq 5, L_0x600001530be0, v0x600001635cb0_0;
L_0x600001531040 .functor MUXZ 64, L_0x600001530e60, v0x600001635d40_0, L_0x600000f345b0, C4<>;
L_0x6000015310e0 .cmp/eq 5, L_0x600001531220, v0x600001635cb0_0;
L_0x600001531180 .functor MUXZ 64, L_0x600001530f00, v0x600001635d40_0, L_0x600000f348c0, C4<>;
S_0x11d607860 .scope function.vec4.s64, "rread" "rread" 10 41, 10 41 0, S_0x11d6076f0;
 .timescale -9 -12;
v0x600001634e10_0 .var "idx", 4 0;
; Variable rread is vec4 return value of scope S_0x11d607860
TD_SingleCycleProcTest_v.uut.DUT.rf.rread ;
    %load/vec4 v0x600001634e10_0;
    %xor/r;
    %cmpi/e 1, 1, 1;
    %jmp/0xz  T_3.4, 6;
    %pushi/vec4 0, 0, 64;
    %ret/vec4 0, 0, 64;  Assign to rread (store_vec4_to_lval)
    %jmp T_3.5;
T_3.4 ;
    %load/vec4 v0x600001634e10_0;
    %cmpi/e 31, 0, 5;
    %jmp/0xz  T_3.6, 4;
    %pushi/vec4 0, 0, 64;
    %ret/vec4 0, 0, 64;  Assign to rread (store_vec4_to_lval)
    %jmp T_3.7;
T_3.6 ;
    %load/vec4 v0x600001634e10_0;
    %pad/u 7;
    %ix/vec4 4;
    %load/vec4a v0x600001635f80, 4;
    %ret/vec4 0, 0, 64;  Assign to rread (store_vec4_to_lval)
T_3.7 ;
T_3.5 ;
    %end;
S_0x11d606650 .scope module, "sext" "SignExtender" 4 88, 11 8 0, S_0x11d606150;
 .timescale -9 -12;
    .port_info 0 /OUTPUT 64 "SignExtOut";
    .port_info 1 /INPUT 26 "Instruction";
    .port_info 2 /INPUT 2 "SignOp";
    .port_info 3 /INPUT 1 "IsMovZ";
L_0x600000f34a10 .functor BUFZ 26, L_0x6000015315e0, C4<00000000000000000000000000>, C4<00000000000000000000000000>, C4<00000000000000000000000000>;
v0x600001636010_0 .net "Instruction", 25 0, L_0x6000015315e0;  1 drivers
v0x6000016360a0_0 .net "IsMovZ", 0 0, v0x600001633840_0;  alias, 1 drivers
v0x600001636130_0 .var "SignExtOut", 63 0;
v0x6000016361c0_0 .net "SignOp", 1 0, v0x600001633ba0_0;  alias, 1 drivers
v0x600001636250_0 .net "immB", 25 0, L_0x600000f34a10;  1 drivers
v0x6000016362e0_0 .net "immCB", 18 0, L_0x600001531400;  1 drivers
v0x600001636370_0 .net "immD", 8 0, L_0x600001531360;  1 drivers
v0x600001636400_0 .net "immI", 11 0, L_0x6000015312c0;  1 drivers
v0x600001636490_0 .net "movz_hw", 1 0, L_0x600001531540;  1 drivers
v0x600001636520_0 .net "movz_imm16", 15 0, L_0x6000015314a0;  1 drivers
E_0x60000313edc0/0 .event anyedge, v0x600001633840_0, v0x600001636520_0, v0x600001636490_0, v0x600001633ba0_0;
E_0x60000313edc0/1 .event anyedge, v0x600001636400_0, v0x600001636370_0, v0x6000016362e0_0, v0x600001636250_0;
E_0x60000313edc0 .event/or E_0x60000313edc0/0, E_0x60000313edc0/1;
L_0x6000015312c0 .part L_0x6000015315e0, 10, 12;
L_0x600001531360 .part L_0x6000015315e0, 12, 9;
L_0x600001531400 .part L_0x6000015315e0, 5, 19;
L_0x6000015314a0 .part L_0x6000015315e0, 5, 16;
L_0x600001531540 .part L_0x6000015315e0, 21, 2;
S_0x11d6067c0 .scope task, "wait_for_pc" "wait_for_pc" 3 69, 3 69 0, S_0x11d61ad30;
 .timescale -9 -12;
v0x6000016378d0_0 .var "target", 63 0;
TD_SingleCycleProcTest_v.wait_for_pc ;
T_4.8 ;
    %vpi_func 3 73 "$isunknown" 1, v0x600001637b10_0 {0 0 0};
    %flag_set/vec4 8;
    %jmp/0xz T_4.9, 8;
    %fork TD_SingleCycleProcTest_v.step, S_0x11d61c490;
    %join;
    %jmp T_4.8;
T_4.9 ;
T_4.10 ;
    %load/vec4 v0x600001637b10_0;
    %load/vec4 v0x6000016378d0_0;
    %cmp/ne;
    %jmp/0xz T_4.11, 6;
    %fork TD_SingleCycleProcTest_v.step, S_0x11d61c490;
    %join;
    %jmp T_4.10;
T_4.11 ;
    %end;
    .scope S_0x11d608a90;
T_5 ;
    %wait E_0x60000313ec80;
    %load/vec4 v0x6000016345a0_0;
    %dup/vec4;
    %pushi/vec4 0, 0, 64;
    %cmp/u;
    %jmp/1 T_5.0, 6;
    %dup/vec4;
    %pushi/vec4 4, 0, 64;
    %cmp/u;
    %jmp/1 T_5.1, 6;
    %dup/vec4;
    %pushi/vec4 8, 0, 64;
    %cmp/u;
    %jmp/1 T_5.2, 6;
    %dup/vec4;
    %pushi/vec4 12, 0, 64;
    %cmp/u;
    %jmp/1 T_5.3, 6;
    %dup/vec4;
    %pushi/vec4 16, 0, 64;
    %cmp/u;
    %jmp/1 T_5.4, 6;
    %dup/vec4;
    %pushi/vec4 20, 0, 64;
    %cmp/u;
    %jmp/1 T_5.5, 6;
    %dup/vec4;
    %pushi/vec4 24, 0, 64;
    %cmp/u;
    %jmp/1 T_5.6, 6;
    %dup/vec4;
    %pushi/vec4 28, 0, 64;
    %cmp/u;
    %jmp/1 T_5.7, 6;
    %dup/vec4;
    %pushi/vec4 32, 0, 64;
    %cmp/u;
    %jmp/1 T_5.8, 6;
    %dup/vec4;
    %pushi/vec4 36, 0, 64;
    %cmp/u;
    %jmp/1 T_5.9, 6;
    %dup/vec4;
    %pushi/vec4 40, 0, 64;
    %cmp/u;
    %jmp/1 T_5.10, 6;
    %dup/vec4;
    %pushi/vec4 44, 0, 64;
    %cmp/u;
    %jmp/1 T_5.11, 6;
    %dup/vec4;
    %pushi/vec4 48, 0, 64;
    %cmp/u;
    %jmp/1 T_5.12, 6;
    %dup/vec4;
    %pushi/vec4 52, 0, 64;
    %cmp/u;
    %jmp/1 T_5.13, 6;
    %dup/vec4;
    %pushi/vec4 56, 0, 64;
    %cmp/u;
    %jmp/1 T_5.14, 6;
    %dup/vec4;
    %pushi/vec4 60, 0, 64;
    %cmp/u;
    %jmp/1 T_5.15, 6;
    %dup/vec4;
    %pushi/vec4 64, 0, 64;
    %cmp/u;
    %jmp/1 T_5.16, 6;
    %dup/vec4;
    %pushi/vec4 68, 0, 64;
    %cmp/u;
    %jmp/1 T_5.17, 6;
    %dup/vec4;
    %pushi/vec4 72, 0, 64;
    %cmp/u;
    %jmp/1 T_5.18, 6;
    %dup/vec4;
    %pushi/vec4 76, 0, 64;
    %cmp/u;
    %jmp/1 T_5.19, 6;
    %dup/vec4;
    %pushi/vec4 80, 0, 64;
    %cmp/u;
    %jmp/1 T_5.20, 6;
    %dup/vec4;
    %pushi/vec4 84, 0, 64;
    %cmp/u;
    %jmp/1 T_5.21, 6;
    %pushi/vec4 4294967295, 4294967295, 32;
    %store/vec4 v0x600001634630_0, 0, 32;
    %jmp T_5.23;
T_5.0 ;
    %pushi/vec4 4164944873, 0, 32;
    %store/vec4 v0x600001634630_0, 0, 32;
    %jmp T_5.23;
T_5.1 ;
    %pushi/vec4 4164977642, 0, 32;
    %store/vec4 v0x600001634630_0, 0, 32;
    %jmp T_5.23;
T_5.2 ;
    %pushi/vec4 4165010411, 0, 32;
    %store/vec4 v0x600001634630_0, 0, 32;
    %jmp T_5.23;
T_5.3 ;
    %pushi/vec4 4165043180, 0, 32;
    %store/vec4 v0x600001634630_0, 0, 32;
    %jmp T_5.23;
T_5.4 ;
    %pushi/vec4 4165075949, 0, 32;
    %store/vec4 v0x600001634630_0, 0, 32;
    %jmp T_5.23;
T_5.5 ;
    %pushi/vec4 2852847946, 0, 32;
    %store/vec4 v0x600001634630_0, 0, 32;
    %jmp T_5.23;
T_5.6 ;
    %pushi/vec4 2315911564, 0, 32;
    %store/vec4 v0x600001634630_0, 0, 32;
    %jmp T_5.23;
T_5.7 ;
    %pushi/vec4 3019899020, 0, 32;
    %store/vec4 v0x600001634630_0, 0, 32;
    %jmp T_5.23;
T_5.8 ;
    %pushi/vec4 2332623277, 0, 32;
    %store/vec4 v0x600001634630_0, 0, 32;
    %jmp T_5.23;
T_5.9 ;
    %pushi/vec4 3406365068, 0, 32;
    %store/vec4 v0x600001634630_0, 0, 32;
    %jmp T_5.23;
T_5.10 ;
    %pushi/vec4 402653181, 0, 32;
    %store/vec4 v0x600001634630_0, 0, 32;
    %jmp T_5.23;
T_5.11 ;
    %pushi/vec4 4160881645, 0, 32;
    %store/vec4 v0x600001634630_0, 0, 32;
    %jmp T_5.23;
T_5.12 ;
    %pushi/vec4 4165075949, 0, 32;
    %store/vec4 v0x600001634630_0, 0, 32;
    %jmp T_5.23;
T_5.13 ;
    %pushi/vec4 3538044553, 0, 32;
    %store/vec4 v0x600001634630_0, 0, 32;
    %jmp T_5.23;
T_5.14 ;
    %pushi/vec4 3536506634, 0, 32;
    %store/vec4 v0x600001634630_0, 0, 32;
    %jmp T_5.23;
T_5.15 ;
    %pushi/vec4 2852782377, 0, 32;
    %store/vec4 v0x600001634630_0, 0, 32;
    %jmp T_5.23;
T_5.16 ;
    %pushi/vec4 3534968714, 0, 32;
    %store/vec4 v0x600001634630_0, 0, 32;
    %jmp T_5.23;
T_5.17 ;
    %pushi/vec4 2852782377, 0, 32;
    %store/vec4 v0x600001634630_0, 0, 32;
    %jmp T_5.23;
T_5.18 ;
    %pushi/vec4 3533430282, 0, 32;
    %store/vec4 v0x600001634630_0, 0, 32;
    %jmp T_5.23;
T_5.19 ;
    %pushi/vec4 2852782377, 0, 32;
    %store/vec4 v0x600001634630_0, 0, 32;
    %jmp T_5.23;
T_5.20 ;
    %pushi/vec4 4160914409, 0, 32;
    %store/vec4 v0x600001634630_0, 0, 32;
    %jmp T_5.23;
T_5.21 ;
    %pushi/vec4 4165108714, 0, 32;
    %store/vec4 v0x600001634630_0, 0, 32;
    %jmp T_5.23;
T_5.23 ;
    %pop/vec4 1;
    %jmp T_5;
    .thread T_5, $push;
    .scope S_0x11d60a6d0;
T_6 ;
    %wait E_0x60000313eb80;
    %pushi/vec4 0, 0, 1;
    %store/vec4 v0x600001633a80_0, 0, 1;
    %pushi/vec4 0, 0, 1;
    %store/vec4 v0x600001633720_0, 0, 1;
    %pushi/vec4 0, 0, 1;
    %store/vec4 v0x6000016339f0_0, 0, 1;
    %pushi/vec4 0, 0, 1;
    %store/vec4 v0x600001633b10_0, 0, 1;
    %pushi/vec4 0, 0, 1;
    %store/vec4 v0x6000016338d0_0, 0, 1;
    %pushi/vec4 0, 0, 1;
    %store/vec4 v0x600001633960_0, 0, 1;
    %pushi/vec4 0, 0, 1;
    %store/vec4 v0x6000016337b0_0, 0, 1;
    %pushi/vec4 0, 0, 1;
    %store/vec4 v0x600001633c30_0, 0, 1;
    %pushi/vec4 2, 0, 4;
    %store/vec4 v0x600001633690_0, 0, 4;
    %pushi/vec4 0, 0, 2;
    %store/vec4 v0x600001633ba0_0, 0, 2;
    %pushi/vec4 0, 0, 1;
    %store/vec4 v0x600001633840_0, 0, 1;
    %load/vec4 v0x600001633cc0_0;
    %dup/vec4;
    %pushi/vec4 1986, 0, 11;
    %cmp/z;
    %jmp/1 T_6.0, 4;
    %dup/vec4;
    %pushi/vec4 1984, 0, 11;
    %cmp/z;
    %jmp/1 T_6.1, 4;
    %dup/vec4;
    %pushi/vec4 1112, 0, 11;
    %cmp/z;
    %jmp/1 T_6.2, 4;
    %dup/vec4;
    %pushi/vec4 1624, 0, 11;
    %cmp/z;
    %jmp/1 T_6.3, 4;
    %dup/vec4;
    %pushi/vec4 1104, 1, 11;
    %cmp/z;
    %jmp/1 T_6.4, 4;
    %dup/vec4;
    %pushi/vec4 1360, 1, 11;
    %cmp/z;
    %jmp/1 T_6.5, 4;
    %dup/vec4;
    %pushi/vec4 1160, 3, 11;
    %cmp/z;
    %jmp/1 T_6.6, 4;
    %dup/vec4;
    %pushi/vec4 1672, 3, 11;
    %cmp/z;
    %jmp/1 T_6.7, 4;
    %dup/vec4;
    %pushi/vec4 1684, 3, 11;
    %cmp/z;
    %jmp/1 T_6.8, 4;
    %dup/vec4;
    %pushi/vec4 1440, 7, 11;
    %cmp/z;
    %jmp/1 T_6.9, 4;
    %dup/vec4;
    %pushi/vec4 160, 31, 11;
    %cmp/z;
    %jmp/1 T_6.10, 4;
    %jmp T_6.12;
T_6.0 ;
    %pushi/vec4 1, 0, 1;
    %store/vec4 v0x600001633720_0, 0, 1;
    %pushi/vec4 1, 0, 1;
    %store/vec4 v0x6000016339f0_0, 0, 1;
    %pushi/vec4 1, 0, 1;
    %store/vec4 v0x600001633b10_0, 0, 1;
    %pushi/vec4 1, 0, 1;
    %store/vec4 v0x6000016338d0_0, 0, 1;
    %pushi/vec4 2, 0, 4;
    %store/vec4 v0x600001633690_0, 0, 4;
    %pushi/vec4 1, 0, 2;
    %store/vec4 v0x600001633ba0_0, 0, 2;
    %jmp T_6.12;
T_6.1 ;
    %pushi/vec4 1, 0, 1;
    %store/vec4 v0x600001633a80_0, 0, 1;
    %pushi/vec4 1, 0, 1;
    %store/vec4 v0x600001633720_0, 0, 1;
    %pushi/vec4 1, 0, 1;
    %store/vec4 v0x600001633960_0, 0, 1;
    %pushi/vec4 2, 0, 4;
    %store/vec4 v0x600001633690_0, 0, 4;
    %pushi/vec4 1, 0, 2;
    %store/vec4 v0x600001633ba0_0, 0, 2;
    %jmp T_6.12;
T_6.2 ;
    %pushi/vec4 1, 0, 1;
    %store/vec4 v0x600001633b10_0, 0, 1;
    %pushi/vec4 2, 0, 4;
    %store/vec4 v0x600001633690_0, 0, 4;
    %jmp T_6.12;
T_6.3 ;
    %pushi/vec4 1, 0, 1;
    %store/vec4 v0x600001633b10_0, 0, 1;
    %pushi/vec4 6, 0, 4;
    %store/vec4 v0x600001633690_0, 0, 4;
    %jmp T_6.12;
T_6.4 ;
    %pushi/vec4 1, 0, 1;
    %store/vec4 v0x600001633b10_0, 0, 1;
    %pushi/vec4 0, 0, 4;
    %store/vec4 v0x600001633690_0, 0, 4;
    %jmp T_6.12;
T_6.5 ;
    %pushi/vec4 1, 0, 1;
    %store/vec4 v0x600001633b10_0, 0, 1;
    %pushi/vec4 1, 0, 4;
    %store/vec4 v0x600001633690_0, 0, 4;
    %jmp T_6.12;
T_6.6 ;
    %pushi/vec4 1, 0, 1;
    %store/vec4 v0x600001633720_0, 0, 1;
    %pushi/vec4 1, 0, 1;
    %store/vec4 v0x600001633b10_0, 0, 1;
    %pushi/vec4 2, 0, 4;
    %store/vec4 v0x600001633690_0, 0, 4;
    %pushi/vec4 0, 0, 2;
    %store/vec4 v0x600001633ba0_0, 0, 2;
    %jmp T_6.12;
T_6.7 ;
    %pushi/vec4 1, 0, 1;
    %store/vec4 v0x600001633720_0, 0, 1;
    %pushi/vec4 1, 0, 1;
    %store/vec4 v0x600001633b10_0, 0, 1;
    %pushi/vec4 6, 0, 4;
    %store/vec4 v0x600001633690_0, 0, 4;
    %pushi/vec4 0, 0, 2;
    %store/vec4 v0x600001633ba0_0, 0, 2;
    %jmp T_6.12;
T_6.8 ;
    %pushi/vec4 1, 0, 1;
    %store/vec4 v0x600001633720_0, 0, 1;
    %pushi/vec4 1, 0, 1;
    %store/vec4 v0x600001633b10_0, 0, 1;
    %pushi/vec4 7, 0, 4;
    %store/vec4 v0x600001633690_0, 0, 4;
    %pushi/vec4 1, 0, 1;
    %store/vec4 v0x600001633840_0, 0, 1;
    %jmp T_6.12;
T_6.9 ;
    %pushi/vec4 1, 0, 1;
    %store/vec4 v0x600001633a80_0, 0, 1;
    %pushi/vec4 1, 0, 1;
    %store/vec4 v0x6000016337b0_0, 0, 1;
    %pushi/vec4 7, 0, 4;
    %store/vec4 v0x600001633690_0, 0, 4;
    %pushi/vec4 2, 0, 2;
    %store/vec4 v0x600001633ba0_0, 0, 2;
    %jmp T_6.12;
T_6.10 ;
    %pushi/vec4 1, 0, 1;
    %store/vec4 v0x600001633c30_0, 0, 1;
    %pushi/vec4 3, 0, 2;
    %store/vec4 v0x600001633ba0_0, 0, 2;
    %jmp T_6.12;
T_6.12 ;
    %pop/vec4 1;
    %jmp T_6;
    .thread T_6, $push;
    .scope S_0x11d60a6d0;
T_7 ;
    %wait E_0x60000313eb80;
    %load/vec4 v0x600001633cc0_0;
    %dup/vec4;
    %pushi/vec4 1986, 0, 11;
    %cmp/z;
    %jmp/1 T_7.0, 4;
    %dup/vec4;
    %pushi/vec4 1984, 0, 11;
    %cmp/z;
    %jmp/1 T_7.1, 4;
    %dup/vec4;
    %pushi/vec4 1112, 0, 11;
    %cmp/z;
    %jmp/1 T_7.2, 4;
    %dup/vec4;
    %pushi/vec4 1624, 0, 11;
    %cmp/z;
    %jmp/1 T_7.3, 4;
    %dup/vec4;
    %pushi/vec4 1104, 1, 11;
    %cmp/z;
    %jmp/1 T_7.4, 4;
    %dup/vec4;
    %pushi/vec4 1360, 1, 11;
    %cmp/z;
    %jmp/1 T_7.5, 4;
    %dup/vec4;
    %pushi/vec4 1160, 3, 11;
    %cmp/z;
    %jmp/1 T_7.6, 4;
    %dup/vec4;
    %pushi/vec4 1672, 3, 11;
    %cmp/z;
    %jmp/1 T_7.7, 4;
    %dup/vec4;
    %pushi/vec4 1684, 3, 11;
    %cmp/z;
    %jmp/1 T_7.8, 4;
    %dup/vec4;
    %pushi/vec4 1440, 7, 11;
    %cmp/z;
    %jmp/1 T_7.9, 4;
    %dup/vec4;
    %pushi/vec4 160, 31, 11;
    %cmp/z;
    %jmp/1 T_7.10, 4;
    %vpi_call/w 6 127 "$display", "DEC other: %b", v0x600001633cc0_0 {0 0 0};
    %jmp T_7.12;
T_7.0 ;
    %vpi_call/w 6 116 "$display", "DEC LDUR" {0 0 0};
    %jmp T_7.12;
T_7.1 ;
    %vpi_call/w 6 117 "$display", "DEC STUR" {0 0 0};
    %jmp T_7.12;
T_7.2 ;
    %vpi_call/w 6 118 "$display", "DEC ADD" {0 0 0};
    %jmp T_7.12;
T_7.3 ;
    %vpi_call/w 6 119 "$display", "DEC SUB" {0 0 0};
    %jmp T_7.12;
T_7.4 ;
    %vpi_call/w 6 120 "$display", "DEC AND" {0 0 0};
    %jmp T_7.12;
T_7.5 ;
    %vpi_call/w 6 121 "$display", "DEC ORR" {0 0 0};
    %jmp T_7.12;
T_7.6 ;
    %vpi_call/w 6 122 "$display", "DEC ADDI" {0 0 0};
    %jmp T_7.12;
T_7.7 ;
    %vpi_call/w 6 123 "$display", "DEC SUBI" {0 0 0};
    %jmp T_7.12;
T_7.8 ;
    %vpi_call/w 6 124 "$display", "DEC MOVZ" {0 0 0};
    %jmp T_7.12;
T_7.9 ;
    %vpi_call/w 6 125 "$display", "DEC CBZ" {0 0 0};
    %jmp T_7.12;
T_7.10 ;
    %vpi_call/w 6 126 "$display", "DEC B" {0 0 0};
    %jmp T_7.12;
T_7.12 ;
    %pop/vec4 1;
    %jmp T_7;
    .thread T_7, $push;
    .scope S_0x11d6076f0;
T_8 ;
    %pushi/vec4 0, 0, 32;
    %store/vec4 v0x600001635c20_0, 0, 32;
T_8.0 ;
    %load/vec4 v0x600001635c20_0;
    %cmpi/s 31, 0, 32;
    %jmp/0xz T_8.1, 5;
    %pushi/vec4 0, 0, 64;
    %ix/getv/s 4, v0x600001635c20_0;
    %store/vec4a v0x600001635f80, 4, 0;
    %load/vec4 v0x600001635c20_0;
    %addi 1, 0, 32;
    %store/vec4 v0x600001635c20_0, 0, 32;
    %jmp T_8.0;
T_8.1 ;
    %end;
    .thread T_8;
    .scope S_0x11d6076f0;
T_9 ;
    %wait E_0x60000313e700;
    %load/vec4 v0x600001635b90_0;
    %flag_set/vec4 8;
    %jmp/0xz  T_9.0, 8;
    %load/vec4 v0x600001635050_0;
    %load/vec4 v0x600001635290_0;
    %pad/u 7;
    %ix/vec4 3;
    %ix/load 4, 0, 0; Constant delay
    %assign/vec4/a/d v0x600001635f80, 0, 4;
T_9.0 ;
    %load/vec4 v0x600001635b90_0;
    %assign/vec4 v0x600001635dd0_0, 0;
    %load/vec4 v0x600001635290_0;
    %assign/vec4 v0x600001635cb0_0, 0;
    %load/vec4 v0x600001635050_0;
    %assign/vec4 v0x600001635d40_0, 0;
    %jmp T_9;
    .thread T_9;
    .scope S_0x11d6076f0;
T_10 ;
    %wait E_0x60000313e700;
    %load/vec4 v0x600001635b90_0;
    %flag_set/vec4 8;
    %jmp/0xz  T_10.0, 8;
    %vpi_call/w 10 60 "$display", "RF  WR: X%0d <= %016h", v0x600001635290_0, v0x600001635050_0 {0 0 0};
T_10.0 ;
    %jmp T_10;
    .thread T_10;
    .scope S_0x11d606650;
T_11 ;
    %wait E_0x60000313edc0;
    %load/vec4 v0x6000016360a0_0;
    %flag_set/vec4 8;
    %jmp/0xz  T_11.0, 8;
    %pushi/vec4 0, 0, 64;
    %pushi/vec4 0, 0, 48;
    %load/vec4 v0x600001636520_0;
    %concat/vec4; draw_concat_vec4
    %or;
    %load/vec4 v0x600001636490_0;
    %pad/u 32;
    %muli 16, 0, 32;
    %ix/vec4 4;
    %shiftl 4;
    %store/vec4 v0x600001636130_0, 0, 64;
    %jmp T_11.1;
T_11.0 ;
    %load/vec4 v0x6000016361c0_0;
    %dup/vec4;
    %pushi/vec4 0, 0, 2;
    %cmp/u;
    %jmp/1 T_11.2, 6;
    %dup/vec4;
    %pushi/vec4 1, 0, 2;
    %cmp/u;
    %jmp/1 T_11.3, 6;
    %dup/vec4;
    %pushi/vec4 2, 0, 2;
    %cmp/u;
    %jmp/1 T_11.4, 6;
    %dup/vec4;
    %pushi/vec4 3, 0, 2;
    %cmp/u;
    %jmp/1 T_11.5, 6;
    %pushi/vec4 0, 0, 64;
    %store/vec4 v0x600001636130_0, 0, 64;
    %jmp T_11.7;
T_11.2 ;
    %pushi/vec4 0, 0, 52;
    %load/vec4 v0x600001636400_0;
    %concat/vec4; draw_concat_vec4
    %store/vec4 v0x600001636130_0, 0, 64;
    %jmp T_11.7;
T_11.3 ;
    %load/vec4 v0x600001636370_0;
    %parti/s 1, 8, 5;
    %replicate 55;
    %load/vec4 v0x600001636370_0;
    %concat/vec4; draw_concat_vec4
    %store/vec4 v0x600001636130_0, 0, 64;
    %jmp T_11.7;
T_11.4 ;
    %load/vec4 v0x6000016362e0_0;
    %parti/s 1, 18, 6;
    %replicate 43;
    %load/vec4 v0x6000016362e0_0;
    %concat/vec4; draw_concat_vec4
    %concati/vec4 0, 0, 2;
    %store/vec4 v0x600001636130_0, 0, 64;
    %jmp T_11.7;
T_11.5 ;
    %load/vec4 v0x600001636250_0;
    %parti/s 1, 25, 6;
    %replicate 36;
    %load/vec4 v0x600001636250_0;
    %concat/vec4; draw_concat_vec4
    %concati/vec4 0, 0, 2;
    %store/vec4 v0x600001636130_0, 0, 64;
    %jmp T_11.7;
T_11.7 ;
    %pop/vec4 1;
T_11.1 ;
    %jmp T_11;
    .thread T_11, $push;
    .scope S_0x11d6062c0;
T_12 ;
    %wait E_0x60000313e8c0;
    %load/vec4 v0x600001633330_0;
    %dup/vec4;
    %pushi/vec4 0, 0, 4;
    %cmp/u;
    %jmp/1 T_12.0, 6;
    %dup/vec4;
    %pushi/vec4 1, 0, 4;
    %cmp/u;
    %jmp/1 T_12.1, 6;
    %dup/vec4;
    %pushi/vec4 2, 0, 4;
    %cmp/u;
    %jmp/1 T_12.2, 6;
    %dup/vec4;
    %pushi/vec4 6, 0, 4;
    %cmp/u;
    %jmp/1 T_12.3, 6;
    %dup/vec4;
    %pushi/vec4 7, 0, 4;
    %cmp/u;
    %jmp/1 T_12.4, 6;
    %pushi/vec4 0, 0, 64;
    %store/vec4 v0x6000016334e0_0, 0, 64;
    %jmp T_12.6;
T_12.0 ;
    %load/vec4 v0x6000016333c0_0;
    %load/vec4 v0x600001633450_0;
    %and;
    %store/vec4 v0x6000016334e0_0, 0, 64;
    %jmp T_12.6;
T_12.1 ;
    %load/vec4 v0x6000016333c0_0;
    %load/vec4 v0x600001633450_0;
    %or;
    %store/vec4 v0x6000016334e0_0, 0, 64;
    %jmp T_12.6;
T_12.2 ;
    %load/vec4 v0x6000016333c0_0;
    %load/vec4 v0x600001633450_0;
    %add;
    %store/vec4 v0x6000016334e0_0, 0, 64;
    %jmp T_12.6;
T_12.3 ;
    %load/vec4 v0x6000016333c0_0;
    %load/vec4 v0x600001633450_0;
    %sub;
    %store/vec4 v0x6000016334e0_0, 0, 64;
    %jmp T_12.6;
T_12.4 ;
    %load/vec4 v0x600001633450_0;
    %store/vec4 v0x6000016334e0_0, 0, 64;
    %jmp T_12.6;
T_12.6 ;
    %pop/vec4 1;
    %jmp T_12;
    .thread T_12, $push;
    .scope S_0x11d6062c0;
T_13 ;
    %wait E_0x60000313e880;
    %load/vec4 v0x600001633330_0;
    %dup/vec4;
    %pushi/vec4 0, 0, 4;
    %cmp/u;
    %jmp/1 T_13.0, 6;
    %dup/vec4;
    %pushi/vec4 1, 0, 4;
    %cmp/u;
    %jmp/1 T_13.1, 6;
    %dup/vec4;
    %pushi/vec4 2, 0, 4;
    %cmp/u;
    %jmp/1 T_13.2, 6;
    %dup/vec4;
    %pushi/vec4 6, 0, 4;
    %cmp/u;
    %jmp/1 T_13.3, 6;
    %dup/vec4;
    %pushi/vec4 7, 0, 4;
    %cmp/u;
    %jmp/1 T_13.4, 6;
    %vpi_call/w 5 39 "$display", "ALU ???  A=%016h  B=%016h  -> W=%016h", v0x6000016333c0_0, v0x600001633450_0, v0x6000016334e0_0 {0 0 0};
    %jmp T_13.6;
T_13.0 ;
    %vpi_call/w 5 34 "$display", "ALU AND  A=%016h  B=%016h  -> W=%016h", v0x6000016333c0_0, v0x600001633450_0, v0x6000016334e0_0 {0 0 0};
    %jmp T_13.6;
T_13.1 ;
    %vpi_call/w 5 35 "$display", "ALU OR   A=%016h  B=%016h  -> W=%016h", v0x6000016333c0_0, v0x600001633450_0, v0x6000016334e0_0 {0 0 0};
    %jmp T_13.6;
T_13.2 ;
    %vpi_call/w 5 36 "$display", "ALU ADD  A=%016h  B=%016h  -> W=%016h", v0x6000016333c0_0, v0x600001633450_0, v0x6000016334e0_0 {0 0 0};
    %jmp T_13.6;
T_13.3 ;
    %vpi_call/w 5 37 "$display", "ALU SUB  A=%016h  B=%016h  -> W=%016h", v0x6000016333c0_0, v0x600001633450_0, v0x6000016334e0_0 {0 0 0};
    %jmp T_13.6;
T_13.4 ;
    %vpi_call/w 5 38 "$display", "ALU PASSB (CBZ chk) B=%016h  Zero?=%0d", v0x600001633450_0, v0x600001633570_0 {0 0 0};
    %jmp T_13.6;
T_13.6 ;
    %pop/vec4 1;
    %jmp T_13;
    .thread T_13, $push;
    .scope S_0x11d60a840;
T_14 ;
    %pushi/vec4 1, 0, 64;
    %ix/load 4, 0, 0;
    %flag_set/imm 4, 0;
    %store/vec4a v0x600001634510, 4, 0;
    %pushi/vec4 10, 0, 64;
    %ix/load 4, 1, 0;
    %flag_set/imm 4, 0;
    %store/vec4a v0x600001634510, 4, 0;
    %pushi/vec4 5, 0, 64;
    %ix/load 4, 2, 0;
    %flag_set/imm 4, 0;
    %store/vec4a v0x600001634510, 4, 0;
    %pushi/vec4 4290684894, 0, 36;
    %concati/vec4 182185727, 0, 28;
    %ix/load 4, 3, 0;
    %flag_set/imm 4, 0;
    %store/vec4a v0x600001634510, 4, 0;
    %pushi/vec4 4, 0, 32;
    %store/vec4 v0x6000016343f0_0, 0, 32;
T_14.0 ;
    %load/vec4 v0x6000016343f0_0;
    %cmpi/s 256, 0, 32;
    %jmp/0xz T_14.1, 5;
    %pushi/vec4 0, 0, 64;
    %ix/getv/s 4, v0x6000016343f0_0;
    %store/vec4a v0x600001634510, 4, 0;
    %load/vec4 v0x6000016343f0_0;
    %addi 1, 0, 32;
    %store/vec4 v0x6000016343f0_0, 0, 32;
    %jmp T_14.0;
T_14.1 ;
    %end;
    .thread T_14;
    .scope S_0x11d60a840;
T_15 ;
    %wait E_0x60000313e700;
    %load/vec4 v0x600001634000_0;
    %flag_set/vec4 8;
    %jmp/0xz  T_15.0, 8;
    %load/vec4 v0x600001634120_0;
    %load/vec4 v0x600001634480_0;
    %pad/u 10;
    %ix/vec4 3;
    %ix/load 4, 0, 0; Constant delay
    %assign/vec4/a/d v0x600001634510, 0, 4;
T_15.0 ;
    %jmp T_15;
    .thread T_15;
    .scope S_0x11d60a840;
T_16 ;
    %wait E_0x60000313ebc0;
    %load/vec4 v0x600001633f00_0;
    %flag_set/vec4 8;
    %jmp/0xz  T_16.0, 8;
    %vpi_call/w 7 39 "$display", "DMEM RD  [0x%016h] -> %016h", v0x600001633de0_0, v0x600001634090_0 {0 0 0};
T_16.0 ;
    %jmp T_16;
    .thread T_16, $push;
    .scope S_0x11d60a840;
T_17 ;
    %wait E_0x60000313e700;
    %load/vec4 v0x600001634000_0;
    %flag_set/vec4 8;
    %jmp/0xz  T_17.0, 8;
    %vpi_call/w 7 41 "$display", "DMEM WR  [0x%016h] <= %016h", v0x600001633de0_0, v0x600001634120_0 {0 0 0};
T_17.0 ;
    %jmp T_17;
    .thread T_17;
    .scope S_0x11d608c00;
T_18 ;
    %wait E_0x60000313ed80;
    %load/vec4 v0x600001634900_0;
    %store/vec4 v0x600001634a20_0, 0, 64;
    %load/vec4 v0x600001634b40_0;
    %flag_set/vec4 8;
    %jmp/0xz  T_18.0, 8;
    %load/vec4 v0x600001634870_0;
    %store/vec4 v0x600001634a20_0, 0, 64;
    %jmp T_18.1;
T_18.0 ;
    %load/vec4 v0x600001634d80_0;
    %flag_set/vec4 8;
    %jmp/0xz  T_18.2, 8;
    %load/vec4 v0x600001634870_0;
    %store/vec4 v0x600001634a20_0, 0, 64;
T_18.2 ;
T_18.1 ;
    %jmp T_18;
    .thread T_18, $push;
    .scope S_0x11d608c00;
T_19 ;
    %wait E_0x60000313ed40;
    %load/vec4 v0x6000016347e0_0;
    %flag_set/vec4 10;
    %flag_get/vec4 10;
    %jmp/0 T_19.3, 10;
    %load/vec4 v0x600001634750_0;
    %pushi/vec4 0, 0, 1;
    %cmp/ne;
    %flag_get/vec4 6;
    %and;
T_19.3;
    %flag_set/vec4 9;
    %flag_get/vec4 9;
    %jmp/0 T_19.2, 9;
    %load/vec4 v0x600001634750_0;
    %pushi/vec4 1, 0, 1;
    %cmp/ne;
    %flag_get/vec4 6;
    %and;
T_19.2;
    %flag_set/vec4 8;
    %jmp/0xz  T_19.0, 8;
    %vpi_call/w 9 30 "$display", "NPC WARN: ALUZero=X; treating as 0 (no branch)" {0 0 0};
T_19.0 ;
    %load/vec4 v0x600001634b40_0;
    %flag_set/vec4 8;
    %jmp/0xz  T_19.4, 8;
    %vpi_call/w 9 34 "$display", "NPC DEC: B      PC=0x%016h  imm=0x%016h  target=0x%016h  -> NextPC=0x%016h", v0x600001634990_0, v0x600001634ab0_0, v0x600001634870_0, v0x600001634a20_0 {0 0 0};
    %jmp T_19.5;
T_19.4 ;
    %load/vec4 v0x600001634d80_0;
    %flag_set/vec4 8;
    %jmp/0xz  T_19.6, 8;
    %vpi_call/w 9 37 "$display", "NPC DEC: CB TAK PC=0x%016h  Z=%b  imm=0x%016h  target=0x%016h  -> NextPC=0x%016h", v0x600001634990_0, v0x600001634750_0, v0x600001634ab0_0, v0x600001634870_0, v0x600001634a20_0 {0 0 0};
    %jmp T_19.7;
T_19.6 ;
    %vpi_call/w 9 40 "$display", "NPC DEC: SEQ    PC=0x%016h  Z=%b  B=%b  CB=%b  +4=0x%016h    -> NextPC=0x%016h", v0x600001634990_0, v0x600001634750_0, v0x600001634b40_0, v0x6000016347e0_0, v0x600001634900_0, v0x600001634a20_0 {0 0 0};
T_19.7 ;
T_19.5 ;
    %jmp T_19;
    .thread T_19, $push;
    .scope S_0x11d608c00;
T_20 ;
    %wait E_0x60000313ed00;
    %load/vec4 v0x600001634b40_0;
    %flag_set/vec4 8;
    %jmp/0xz  T_20.0, 8;
    %vpi_call/w 9 50 "$display", "  NPC: B   taken  Cur=%04h Off=%016h -> %04h", v0x600001634990_0, v0x600001634ab0_0, v0x600001634a20_0 {0 0 0};
    %jmp T_20.1;
T_20.0 ;
    %load/vec4 v0x6000016347e0_0;
    %flag_set/vec4 8;
    %jmp/0xz  T_20.2, 8;
    %load/vec4 v0x600001634750_0;
    %cmpi/e 1, 0, 1;
    %flag_mov 8, 6;
    %jmp/0 T_20.4, 8;
    %pushi/vec4 1952541541, 0, 32; draw_string_vec4
    %pushi/vec4 110, 0, 8; draw_string_vec4
    %concat/vec4; draw_string_vec4
    %jmp/1 T_20.5, 8;
T_20.4 ; End of true expr.
    %pushi/vec4 28271, 0, 32; draw_string_vec4
    %pushi/vec4 116, 0, 8; draw_string_vec4
    %concat/vec4; draw_string_vec4
    %jmp/0 T_20.5, 8;
 ; End of false expr.
    %blend;
T_20.5;
    %vpi_call/w 9 52 "$display", "  NPC: CBZ %s  Cur=%04h Off=%016h -> %04h", S<0,vec4,u40>, v0x600001634990_0, v0x600001634ab0_0, v0x600001634a20_0 {1 0 0};
T_20.2 ;
T_20.1 ;
    %jmp T_20;
    .thread T_20, $push;
    .scope S_0x11d606150;
T_21 ;
    %wait E_0x60000313e700;
    %load/vec4 v0x600001637450_0;
    %flag_set/vec4 8;
    %jmp/0xz  T_21.0, 8;
    %load/vec4 v0x6000016374e0_0;
    %assign/vec4 v0x600001636fd0_0, 3000;
    %jmp T_21.1;
T_21.0 ;
    %load/vec4 v0x600001637180_0;
    %assign/vec4 v0x600001636fd0_0, 3000;
T_21.1 ;
    %jmp T_21;
    .thread T_21;
    .scope S_0x11d606150;
T_22 ;
    %wait E_0x60000313e6c0;
    %vpi_call/w 4 133 "$display", "PC=%04h  instr=%08h  opc[31:21]=%b", v0x600001636fd0_0, v0x6000016370f0_0, v0x600001637210_0 {0 0 0};
    %vpi_call/w 4 134 "$display", "  RF idx: Rn=%0d  Rm=%0d  Rt=%0d", v0x600001636c70_0, v0x600001636be0_0, v0x600001636d00_0 {0 0 0};
    %load/vec4 v0x600001636ac0_0;
    %flag_set/vec4 8;
    %jmp/0 T_22.0, 8;
    %pushi/vec4 21108, 0, 16; draw_string_vec4
    %jmp/1 T_22.1, 8;
T_22.0 ; End of true expr.
    %pushi/vec4 21101, 0, 16; draw_string_vec4
    %jmp/0 T_22.1, 8;
 ; End of false expr.
    %blend;
T_22.1;
    %vpi_call/w 4 135 "$display", "  RF val: A=%016h  B=%016h  (Reg2Loc=%b -> RB=%s)", v0x600001637330_0, v0x6000016373c0_0, v0x600001636ac0_0, S<0,vec4,u16> {1 0 0};
    %vpi_call/w 4 137 "$display", "  ctrl: Reg2Loc=%b MemR=%b MemW=%b Mem2Reg=%b RegWr=%b Br=%b UBr=%b ALUOp=%b SignOp=%b ALUSrc=%b IsMovZ=%b", v0x600001636ac0_0, v0x600001636880_0, v0x600001636910_0, v0x6000016369a0_0, v0x600001636b50_0, v0x6000016366d0_0, v0x600001636e20_0, v0x6000016365b0_0, v0x600001636d90_0, v0x600001636640_0, v0x6000016367f0_0 {0 0 0};
    %vpi_call/w 4 139 "$display", "  imm=%016h  aluB(sel)=%016h  ALUout=%016h  Zero=%b  NextPC=%04h  Mem[R]=%016h", v0x600001637060_0, v0x600001636eb0_0, v0x600001636f40_0, v0x600001637570_0, v0x600001637180_0, v0x6000016372a0_0 {0 0 0};
    %jmp T_22;
    .thread T_22;
    .scope S_0x11d61ad30;
T_23 ;
    %vpi_call/w 3 10 "$dumpfile", "singlecycle.vcd" {0 0 0};
    %vpi_call/w 3 11 "$dumpvars" {0 0 0};
    %end;
    .thread T_23;
    .scope S_0x11d61ad30;
T_24 ;
    %pushi/vec4 0, 0, 1;
    %store/vec4 v0x600001637960_0, 0, 1;
    %pushi/vec4 0, 0, 1;
    %store/vec4 v0x600001637a80_0, 0, 1;
    %pushi/vec4 0, 0, 64;
    %store/vec4 v0x600001637cc0_0, 0, 64;
    %pushi/vec4 0, 0, 8;
    %store/vec4 v0x600001637ba0_0, 0, 8;
    %pushi/vec4 0, 0, 16;
    %store/vec4 v0x600001637d50_0, 0, 16;
    %delay 120000, 0;
    %vpi_call/w 3 92 "$display", "\012=== START PROGRAM 1 @PC=0x0000 ===" {0 0 0};
    %pushi/vec4 0, 0, 64;
    %store/vec4 v0x600001637cc0_0, 0, 64;
    %pushi/vec4 1, 0, 1;
    %store/vec4 v0x600001637a80_0, 0, 1;
    %fork TD_SingleCycleProcTest_v.step, S_0x11d61c490;
    %join;
    %pushi/vec4 0, 0, 1;
    %store/vec4 v0x600001637a80_0, 0, 1;
    %pushi/vec4 0, 0, 64;
    %store/vec4 v0x6000016378d0_0, 0, 64;
    %fork TD_SingleCycleProcTest_v.wait_for_pc, S_0x11d6067c0;
    %join;
    %pushi/vec4 0, 0, 64;
    %store/vec4 v0x600001637c30_0, 0, 64;
T_24.0 ;
    %load/vec4 v0x600001637b10_0;
    %cmpi/u 52, 0, 64;
    %jmp/0xz T_24.1, 5;
    %load/vec4 v0x6000016379f0_0;
    %store/vec4 v0x600001637c30_0, 0, 64;
    %vpi_call/w 3 105 "$display", "CurrentPC:%h", v0x600001637b10_0 {0 0 0};
    %fork TD_SingleCycleProcTest_v.step, S_0x11d61c490;
    %join;
    %jmp T_24.0;
T_24.1 ;
    %load/vec4 v0x600001637c30_0;
    %store/vec4 v0x6000016330f0_0, 0, 64;
    %pushi/vec4 15, 0, 64;
    %store/vec4 v0x600001633180_0, 0, 64;
    %pushi/vec4 2764760810, 0, 130;
    %concati/vec4 3639141952, 0, 32;
    %concati/vec4 3737927840, 0, 32;
    %concati/vec4 3839807204, 0, 32;
    %concati/vec4 1634541617, 0, 31;
    %store/vec4 v0x6000016332a0_0, 0, 257;
    %load/vec4 v0x600001637ba0_0;
    %store/vec4 v0x600001633210_0, 0, 8;
    %fork TD_SingleCycleProcTest_v.passTest, S_0x11d61a6d0;
    %join;
    %load/vec4 v0x600001633210_0;
    %store/vec4 v0x600001637ba0_0, 0, 8;
    %delay 120000, 0;
    %vpi_call/w 3 112 "$display", "\012=== START PROGRAM 2 @PC=0x0034 ===" {0 0 0};
    %pushi/vec4 52, 0, 64;
    %store/vec4 v0x600001637cc0_0, 0, 64;
    %pushi/vec4 1, 0, 1;
    %store/vec4 v0x600001637a80_0, 0, 1;
    %fork TD_SingleCycleProcTest_v.step, S_0x11d61c490;
    %join;
    %pushi/vec4 0, 0, 1;
    %store/vec4 v0x600001637a80_0, 0, 1;
    %pushi/vec4 52, 0, 64;
    %store/vec4 v0x6000016378d0_0, 0, 64;
    %fork TD_SingleCycleProcTest_v.wait_for_pc, S_0x11d6067c0;
    %join;
    %pushi/vec4 0, 0, 64;
    %store/vec4 v0x600001637c30_0, 0, 64;
T_24.2 ;
    %load/vec4 v0x600001637b10_0;
    %cmpi/u 88, 0, 64;
    %jmp/0xz T_24.3, 5;
    %load/vec4 v0x6000016379f0_0;
    %store/vec4 v0x600001637c30_0, 0, 64;
    %vpi_call/w 3 125 "$display", "CurrentPC:%h", v0x600001637b10_0 {0 0 0};
    %fork TD_SingleCycleProcTest_v.step, S_0x11d61c490;
    %join;
    %jmp T_24.2;
T_24.3 ;
    %load/vec4 v0x600001637c30_0;
    %store/vec4 v0x6000016330f0_0, 0, 64;
    %pushi/vec4 2443359172, 0, 35;
    %concati/vec4 448585456, 0, 29;
    %store/vec4 v0x600001633180_0, 0, 64;
    %pushi/vec4 3863011020, 0, 34;
    %concati/vec4 2168572349, 0, 33;
    %concati/vec4 2647229876, 0, 32;
    %concati/vec4 2160623777, 0, 32;
    %concati/vec4 3572852130, 0, 34;
    %concati/vec4 3303723736, 0, 37;
    %concati/vec4 3361659102, 0, 32;
    %concati/vec4 6382633, 0, 23;
    %store/vec4 v0x6000016332a0_0, 0, 257;
    %load/vec4 v0x600001637ba0_0;
    %store/vec4 v0x600001633210_0, 0, 8;
    %fork TD_SingleCycleProcTest_v.passTest, S_0x11d61a6d0;
    %join;
    %load/vec4 v0x600001633210_0;
    %store/vec4 v0x600001637ba0_0, 0, 8;
    %load/vec4 v0x600001637ba0_0;
    %store/vec4 v0x600001633060_0, 0, 8;
    %pushi/vec4 2, 0, 8;
    %store/vec4 v0x600001632fd0_0, 0, 8;
    %fork TD_SingleCycleProcTest_v.allPassed, S_0x11d61a3a0;
    %join;
    %vpi_call/w 3 131 "$finish" {0 0 0};
    %end;
    .thread T_24;
    .scope S_0x11d61ad30;
T_25 ;
    %delay 60000, 0;
    %load/vec4 v0x600001637960_0;
    %inv;
    %store/vec4 v0x600001637960_0, 0, 1;
    %jmp T_25;
    .thread T_25;
    .scope S_0x11d61ad30;
T_26 ;
    %wait E_0x60000313e6c0;
    %load/vec4 v0x600001637d50_0;
    %addi 1, 0, 16;
    %assign/vec4 v0x600001637d50_0, 0;
    %load/vec4 v0x600001637d50_0;
    %cmpi/e 65535, 0, 16;
    %jmp/0xz  T_26.0, 4;
    %vpi_call/w 3 141 "$display", "Watchdog Timer Expired." {0 0 0};
    %vpi_call/w 3 142 "$finish" {0 0 0};
T_26.0 ;
    %jmp T_26;
    .thread T_26;
# The file index is used to find the file name in the following table.
:file_names 12;
    "N/A";
    "<interactive>";
    "-";
    "SingleCycleProcTest.v";
    "SingleCycleProc.v";
    "ALU.v";
    "SingleCycleControl.v";
    "DataMemory.v";
    "InstructionMemory.v";
    "NextPClogic.v";
    "RegisterFile.v";
    "SignExtender.v";
